<?xml version="1.0" encoding="UTF-8"?>
<testsuite xmlns:xsi="http://www.w3.org/2001/XMLSchema-instance" xsi:noNamespaceSchemaLocation="https://maven.apache.org/surefire/maven-surefire-plugin/xsd/surefire-test-report-3.0.xsd" version="3.0" name="com.content_management_system.lms.LmsApplicationTests" time="6.237" tests="1" errors="0" skipped="0" failures="0">
  <properties>
    <property name="java.specification.version" value="21"/>
    <property name="sun.jnu.encoding" value="UTF-8"/>
    <property name="java.class.path" value="/home/alvin/GitHub/cms-backend/app/lms-sys/target/test-classes:/home/alvin/GitHub/cms-backend/app/lms-sys/target/classes:/home/alvin/.m2/repository/org/springframework/cloud/spring-cloud-starter-gateway/4.1.6/spring-cloud-starter-gateway-4.1.6.jar:/home/alvin/.m2/repository/org/springframework/cloud/spring-cloud-starter/4.1.5/spring-cloud-starter-4.1.5.jar:/home/alvin/.m2/repository/org/springframework/cloud/spring-cloud-context/4.1.5/spring-cloud-context-4.1.5.jar:/home/alvin/.m2/repository/org/springframework/security/spring-security-crypto/6.3.10/spring-security-crypto-6.3.10.jar:/home/alvin/.m2/repository/org/springframework/cloud/spring-cloud-commons/4.1.5/spring-cloud-commons-4.1.5.jar:/home/alvin/.m2/repository/org/springframework/security/spring-security-rsa/1.1.3/spring-security-rsa-1.1.3.jar:/home/alvin/.m2/repository/org/bouncycastle/bcprov-jdk18on/1.78/bcprov-jdk18on-1.78.jar:/home/alvin/.m2/repository/org/springframework/cloud/spring-cloud-gateway-server/4.1.6/spring-cloud-gateway-server-4.1.6.jar:/home/alvin/.m2/repository/org/springframework/boot/spring-boot-starter-validation/3.3.13/spring-boot-starter-validation-3.3.13.jar:/home/alvin/.m2/repository/org/apache/tomcat/embed/tomcat-embed-el/10.1.42/tomcat-embed-el-10.1.42.jar:/home/alvin/.m2/repository/org/hibernate/validator/hibernate-validator/8.0.2.Final/hibernate-validator-8.0.2.Final.jar:/home/alvin/.m2/repository/jakarta/validation/jakarta.validation-api/3.0.2/jakarta.validation-api-3.0.2.jar:/home/alvin/.m2/repository/io/projectreactor/addons/reactor-extra/3.5.2/reactor-extra-3.5.2.jar:/home/alvin/.m2/repository/io/projectreactor/reactor-core/3.6.18/reactor-core-3.6.18.jar:/home/alvin/.m2/repository/org/reactivestreams/reactive-streams/1.0.4/reactive-streams-1.0.4.jar:/home/alvin/.m2/repository/org/springframework/boot/spring-boot-starter-webflux/3.3.13/spring-boot-starter-webflux-3.3.13.jar:/home/alvin/.m2/repository/org/springframework/boot/spring-boot-starter-json/3.3.13/spring-boot-starter-json-3.3.13.jar:/home/alvin/.m2/repository/com/fasterxml/jackson/datatype/jackson-datatype-jdk8/2.17.3/jackson-datatype-jdk8-2.17.3.jar:/home/alvin/.m2/repository/com/fasterxml/jackson/module/jackson-module-parameter-names/2.17.3/jackson-module-parameter-names-2.17.3.jar:/home/alvin/.m2/repository/org/springframework/boot/spring-boot-starter-reactor-netty/3.3.13/spring-boot-starter-reactor-netty-3.3.13.jar:/home/alvin/.m2/repository/io/projectreactor/netty/reactor-netty-http/1.1.31/reactor-netty-http-1.1.31.jar:/home/alvin/.m2/repository/io/netty/netty-codec-http/4.1.122.Final/netty-codec-http-4.1.122.Final.jar:/home/alvin/.m2/repository/io/netty/netty-common/4.1.122.Final/netty-common-4.1.122.Final.jar:/home/alvin/.m2/repository/io/netty/netty-buffer/4.1.122.Final/netty-buffer-4.1.122.Final.jar:/home/alvin/.m2/repository/io/netty/netty-transport/4.1.122.Final/netty-transport-4.1.122.Final.jar:/home/alvin/.m2/repository/io/netty/netty-codec/4.1.122.Final/netty-codec-4.1.122.Final.jar:/home/alvin/.m2/repository/io/netty/netty-handler/4.1.122.Final/netty-handler-4.1.122.Final.jar:/home/alvin/.m2/repository/io/netty/netty-codec-http2/4.1.122.Final/netty-codec-http2-4.1.122.Final.jar:/home/alvin/.m2/repository/io/netty/netty-resolver-dns/4.1.122.Final/netty-resolver-dns-4.1.122.Final.jar:/home/alvin/.m2/repository/io/netty/netty-resolver/4.1.122.Final/netty-resolver-4.1.122.Final.jar:/home/alvin/.m2/repository/io/netty/netty-codec-dns/4.1.122.Final/netty-codec-dns-4.1.122.Final.jar:/home/alvin/.m2/repository/io/netty/netty-resolver-dns-native-macos/4.1.122.Final/netty-resolver-dns-native-macos-4.1.122.Final-osx-x86_64.jar:/home/alvin/.m2/repository/io/netty/netty-resolver-dns-classes-macos/4.1.122.Final/netty-resolver-dns-classes-macos-4.1.122.Final.jar:/home/alvin/.m2/repository/io/netty/netty-transport-native-epoll/4.1.122.Final/netty-transport-native-epoll-4.1.122.Final-linux-x86_64.jar:/home/alvin/.m2/repository/io/netty/netty-transport-native-unix-common/4.1.122.Final/netty-transport-native-unix-common-4.1.122.Final.jar:/home/alvin/.m2/repository/io/netty/netty-transport-classes-epoll/4.1.122.Final/netty-transport-classes-epoll-4.1.122.Final.jar:/home/alvin/.m2/repository/io/projectreactor/netty/reactor-netty-core/1.1.31/reactor-netty-core-1.1.31.jar:/home/alvin/.m2/repository/io/netty/netty-handler-proxy/4.1.122.Final/netty-handler-proxy-4.1.122.Final.jar:/home/alvin/.m2/repository/io/netty/netty-codec-socks/4.1.122.Final/netty-codec-socks-4.1.122.Final.jar:/home/alvin/.m2/repository/org/springframework/spring-web/6.1.21/spring-web-6.1.21.jar:/home/alvin/.m2/repository/org/springframework/spring-webflux/6.1.21/spring-webflux-6.1.21.jar:/home/alvin/.m2/repository/org/springframework/cloud/spring-cloud-starter-consul-discovery/4.1.3/spring-cloud-starter-consul-discovery-4.1.3.jar:/home/alvin/.m2/repository/org/springframework/cloud/spring-cloud-starter-consul/4.1.3/spring-cloud-starter-consul-4.1.3.jar:/home/alvin/.m2/repository/org/springframework/cloud/spring-cloud-consul-core/4.1.3/spring-cloud-consul-core-4.1.3.jar:/home/alvin/.m2/repository/com/ecwid/consul/consul-api/1.4.5/consul-api-1.4.5.jar:/home/alvin/.m2/repository/com/google/code/gson/gson/2.10.1/gson-2.10.1.jar:/home/alvin/.m2/repository/org/apache/httpcomponents/httpclient/4.5.14/httpclient-4.5.14.jar:/home/alvin/.m2/repository/commons-logging/commons-logging/1.2/commons-logging-1.2.jar:/home/alvin/.m2/repository/commons-codec/commons-codec/1.16.1/commons-codec-1.16.1.jar:/home/alvin/.m2/repository/org/apache/httpcomponents/httpcore/4.4.16/httpcore-4.4.16.jar:/home/alvin/.m2/repository/org/springframework/cloud/spring-cloud-consul-discovery/4.1.3/spring-cloud-consul-discovery-4.1.3.jar:/home/alvin/.m2/repository/org/springframework/cloud/spring-cloud-starter-loadbalancer/4.1.5/spring-cloud-starter-loadbalancer-4.1.5.jar:/home/alvin/.m2/repository/org/springframework/cloud/spring-cloud-loadbalancer/4.1.5/spring-cloud-loadbalancer-4.1.5.jar:/home/alvin/.m2/repository/com/stoyanr/evictor/1.0.0/evictor-1.0.0.jar:/home/alvin/.m2/repository/org/springframework/boot/spring-boot-starter-test/3.3.13/spring-boot-starter-test-3.3.13.jar:/home/alvin/.m2/repository/org/springframework/boot/spring-boot-starter/3.3.13/spring-boot-starter-3.3.13.jar:/home/alvin/.m2/repository/org/springframework/boot/spring-boot/3.3.13/spring-boot-3.3.13.jar:/home/alvin/.m2/repository/org/springframework/boot/spring-boot-autoconfigure/3.3.13/spring-boot-autoconfigure-3.3.13.jar:/home/alvin/.m2/repository/org/springframework/boot/spring-boot-starter-logging/3.3.13/spring-boot-starter-logging-3.3.13.jar:/home/alvin/.m2/repository/ch/qos/logback/logback-classic/1.5.18/logback-classic-1.5.18.jar:/home/alvin/.m2/repository/ch/qos/logback/logback-core/1.5.18/logback-core-1.5.18.jar:/home/alvin/.m2/repository/org/apache/logging/log4j/log4j-to-slf4j/2.23.1/log4j-to-slf4j-2.23.1.jar:/home/alvin/.m2/repository/org/apache/logging/log4j/log4j-api/2.23.1/log4j-api-2.23.1.jar:/home/alvin/.m2/repository/org/slf4j/jul-to-slf4j/2.0.17/jul-to-slf4j-2.0.17.jar:/home/alvin/.m2/repository/jakarta/annotation/jakarta.annotation-api/2.1.1/jakarta.annotation-api-2.1.1.jar:/home/alvin/.m2/repository/org/yaml/snakeyaml/2.2/snakeyaml-2.2.jar:/home/alvin/.m2/repository/org/springframework/boot/spring-boot-test/3.3.13/spring-boot-test-3.3.13.jar:/home/alvin/.m2/repository/org/springframework/boot/spring-boot-test-autoconfigure/3.3.13/spring-boot-test-autoconfigure-3.3.13.jar:/home/alvin/.m2/repository/com/jayway/jsonpath/json-path/2.9.0/json-path-2.9.0.jar:/home/alvin/.m2/repository/org/slf4j/slf4j-api/2.0.17/slf4j-api-2.0.17.jar:/home/alvin/.m2/repository/jakarta/xml/bind/jakarta.xml.bind-api/4.0.2/jakarta.xml.bind-api-4.0.2.jar:/home/alvin/.m2/repository/jakarta/activation/jakarta.activation-api/2.1.3/jakarta.activation-api-2.1.3.jar:/home/alvin/.m2/repository/net/minidev/json-smart/2.5.2/json-smart-2.5.2.jar:/home/alvin/.m2/repository/net/minidev/accessors-smart/2.5.2/accessors-smart-2.5.2.jar:/home/alvin/.m2/repository/org/ow2/asm/asm/9.7.1/asm-9.7.1.jar:/home/alvin/.m2/repository/org/assertj/assertj-core/3.25.3/assertj-core-3.25.3.jar:/home/alvin/.m2/repository/net/bytebuddy/byte-buddy/1.14.19/byte-buddy-1.14.19.jar:/home/alvin/.m2/repository/org/awaitility/awaitility/4.2.2/awaitility-4.2.2.jar:/home/alvin/.m2/repository/org/hamcrest/hamcrest/2.2/hamcrest-2.2.jar:/home/alvin/.m2/repository/org/junit/jupiter/junit-jupiter/5.10.5/junit-jupiter-5.10.5.jar:/home/alvin/.m2/repository/org/junit/jupiter/junit-jupiter-api/5.10.5/junit-jupiter-api-5.10.5.jar:/home/alvin/.m2/repository/org/opentest4j/opentest4j/1.3.0/opentest4j-1.3.0.jar:/home/alvin/.m2/repository/org/junit/platform/junit-platform-commons/1.10.5/junit-platform-commons-1.10.5.jar:/home/alvin/.m2/repository/org/apiguardian/apiguardian-api/1.1.2/apiguardian-api-1.1.2.jar:/home/alvin/.m2/repository/org/junit/jupiter/junit-jupiter-params/5.10.5/junit-jupiter-params-5.10.5.jar:/home/alvin/.m2/repository/org/junit/jupiter/junit-jupiter-engine/5.10.5/junit-jupiter-engine-5.10.5.jar:/home/alvin/.m2/repository/org/junit/platform/junit-platform-engine/1.10.5/junit-platform-engine-1.10.5.jar:/home/alvin/.m2/repository/org/mockito/mockito-core/5.11.0/mockito-core-5.11.0.jar:/home/alvin/.m2/repository/net/bytebuddy/byte-buddy-agent/1.14.19/byte-buddy-agent-1.14.19.jar:/home/alvin/.m2/repository/org/objenesis/objenesis/3.3/objenesis-3.3.jar:/home/alvin/.m2/repository/org/mockito/mockito-junit-jupiter/5.11.0/mockito-junit-jupiter-5.11.0.jar:/home/alvin/.m2/repository/org/skyscreamer/jsonassert/1.5.3/jsonassert-1.5.3.jar:/home/alvin/.m2/repository/com/vaadin/external/google/android-json/0.0.20131108.vaadin1/android-json-0.0.20131108.vaadin1.jar:/home/alvin/.m2/repository/org/springframework/spring-core/6.1.21/spring-core-6.1.21.jar:/home/alvin/.m2/repository/org/springframework/spring-jcl/6.1.21/spring-jcl-6.1.21.jar:/home/alvin/.m2/repository/org/springframework/spring-test/6.1.21/spring-test-6.1.21.jar:/home/alvin/.m2/repository/org/xmlunit/xmlunit-core/2.9.1/xmlunit-core-2.9.1.jar:/home/alvin/.m2/repository/org/springframework/boot/spring-boot-starter-actuator/3.3.13/spring-boot-starter-actuator-3.3.13.jar:/home/alvin/.m2/repository/org/springframework/boot/spring-boot-actuator-autoconfigure/3.3.13/spring-boot-actuator-autoconfigure-3.3.13.jar:/home/alvin/.m2/repository/org/springframework/boot/spring-boot-actuator/3.3.13/spring-boot-actuator-3.3.13.jar:/home/alvin/.m2/repository/com/fasterxml/jackson/core/jackson-databind/2.17.3/jackson-databind-2.17.3.jar:/home/alvin/.m2/repository/com/fasterxml/jackson/core/jackson-annotations/2.17.3/jackson-annotations-2.17.3.jar:/home/alvin/.m2/repository/com/fasterxml/jackson/core/jackson-core/2.17.3/jackson-core-2.17.3.jar:/home/alvin/.m2/repository/com/fasterxml/jackson/datatype/jackson-datatype-jsr310/2.17.3/jackson-datatype-jsr310-2.17.3.jar:/home/alvin/.m2/repository/io/micrometer/micrometer-observation/1.13.15/micrometer-observation-1.13.15.jar:/home/alvin/.m2/repository/io/micrometer/micrometer-commons/1.13.15/micrometer-commons-1.13.15.jar:/home/alvin/.m2/repository/io/micrometer/micrometer-jakarta9/1.13.15/micrometer-jakarta9-1.13.15.jar:/home/alvin/.m2/repository/io/micrometer/micrometer-core/1.13.15/micrometer-core-1.13.15.jar:/home/alvin/.m2/repository/org/hdrhistogram/HdrHistogram/2.2.2/HdrHistogram-2.2.2.jar:/home/alvin/.m2/repository/org/latencyutils/LatencyUtils/2.0.3/LatencyUtils-2.0.3.jar:/home/alvin/.m2/repository/org/springframework/boot/spring-boot-starter-cache/3.3.13/spring-boot-starter-cache-3.3.13.jar:/home/alvin/.m2/repository/org/springframework/spring-context-support/6.1.21/spring-context-support-6.1.21.jar:/home/alvin/.m2/repository/org/springframework/spring-beans/6.1.21/spring-beans-6.1.21.jar:/home/alvin/.m2/repository/org/springframework/spring-context/6.1.21/spring-context-6.1.21.jar:/home/alvin/.m2/repository/org/springframework/spring-expression/6.1.21/spring-expression-6.1.21.jar:/home/alvin/.m2/repository/com/github/ben-manes/caffeine/caffeine/3.2.0/caffeine-3.2.0.jar:/home/alvin/.m2/repository/org/jspecify/jspecify/0.3.0/jspecify-0.3.0.jar:/home/alvin/.m2/repository/com/google/errorprone/error_prone_annotations/2.36.0/error_prone_annotations-2.36.0.jar:/home/alvin/.m2/repository/org/springframework/boot/spring-boot-starter-data-jpa/3.3.13/spring-boot-starter-data-jpa-3.3.13.jar:/home/alvin/.m2/repository/org/springframework/boot/spring-boot-starter-aop/3.3.13/spring-boot-starter-aop-3.3.13.jar:/home/alvin/.m2/repository/org/springframework/spring-aop/6.1.21/spring-aop-6.1.21.jar:/home/alvin/.m2/repository/org/aspectj/aspectjweaver/1.9.24/aspectjweaver-1.9.24.jar:/home/alvin/.m2/repository/org/springframework/boot/spring-boot-starter-jdbc/3.3.13/spring-boot-starter-jdbc-3.3.13.jar:/home/alvin/.m2/repository/com/zaxxer/HikariCP/5.1.0/HikariCP-5.1.0.jar:/home/alvin/.m2/repository/org/springframework/spring-jdbc/6.1.21/spring-jdbc-6.1.21.jar:/home/alvin/.m2/repository/org/hibernate/orm/hibernate-core/6.5.3.Final/hibernate-core-6.5.3.Final.jar:/home/alvin/.m2/repository/jakarta/persistence/jakarta.persistence-api/3.1.0/jakarta.persistence-api-3.1.0.jar:/home/alvin/.m2/repository/jakarta/transaction/jakarta.transaction-api/2.0.1/jakarta.transaction-api-2.0.1.jar:/home/alvin/.m2/repository/org/jboss/logging/jboss-logging/3.5.3.Final/jboss-logging-3.5.3.Final.jar:/home/alvin/.m2/repository/org/hibernate/common/hibernate-commons-annotations/6.0.6.Final/hibernate-commons-annotations-6.0.6.Final.jar:/home/alvin/.m2/repository/io/smallrye/jandex/3.1.2/jandex-3.1.2.jar:/home/alvin/.m2/repository/com/fasterxml/classmate/1.7.0/classmate-1.7.0.jar:/home/alvin/.m2/repository/org/glassfish/jaxb/jaxb-runtime/4.0.5/jaxb-runtime-4.0.5.jar:/home/alvin/.m2/repository/org/glassfish/jaxb/jaxb-core/4.0.5/jaxb-core-4.0.5.jar:/home/alvin/.m2/repository/org/eclipse/angus/angus-activation/2.0.2/angus-activation-2.0.2.jar:/home/alvin/.m2/repository/org/glassfish/jaxb/txw2/4.0.5/txw2-4.0.5.jar:/home/alvin/.m2/repository/com/sun/istack/istack-commons-runtime/4.1.2/istack-commons-runtime-4.1.2.jar:/home/alvin/.m2/repository/jakarta/inject/jakarta.inject-api/2.0.1/jakarta.inject-api-2.0.1.jar:/home/alvin/.m2/repository/org/antlr/antlr4-runtime/4.13.0/antlr4-runtime-4.13.0.jar:/home/alvin/.m2/repository/org/springframework/data/spring-data-jpa/3.3.13/spring-data-jpa-3.3.13.jar:/home/alvin/.m2/repository/org/springframework/data/spring-data-commons/3.3.13/spring-data-commons-3.3.13.jar:/home/alvin/.m2/repository/org/springframework/spring-orm/6.1.21/spring-orm-6.1.21.jar:/home/alvin/.m2/repository/org/springframework/spring-tx/6.1.21/spring-tx-6.1.21.jar:/home/alvin/.m2/repository/org/springframework/spring-aspects/6.1.21/spring-aspects-6.1.21.jar:/home/alvin/.m2/repository/org/postgresql/postgresql/42.7.7/postgresql-42.7.7.jar:/home/alvin/.m2/repository/org/checkerframework/checker-qual/3.49.3/checker-qual-3.49.3.jar:/home/alvin/.m2/repository/org/projectlombok/lombok/1.18.38/lombok-1.18.38.jar:"/>
    <property name="java.vm.vendor" value="Ubuntu"/>
    <property name="sun.arch.data.model" value="64"/>
    <property name="java.vendor.url" value="https://ubuntu.com/"/>
    <property name="user.timezone" value="Asia/Bangkok"/>
    <property name="org.jboss.logging.provider" value="slf4j"/>
    <property name="os.name" value="Linux"/>
    <property name="java.vm.specification.version" value="21"/>
    <property name="sun.java.launcher" value="SUN_STANDARD"/>
    <property name="user.country" value="US"/>
    <property name="sun.boot.library.path" value="/usr/lib/jvm/java-21-openjdk-amd64/lib"/>
    <property name="sun.java.command" value="/home/alvin/GitHub/cms-backend/app/lms-sys/target/surefire/surefirebooter-20250725012133158_3.jar /home/alvin/GitHub/cms-backend/app/lms-sys/target/surefire 2025-07-25T01-21-33_064-jvmRun1 surefire-20250725012133158_1tmp surefire_0-20250725012133158_2tmp"/>
    <property name="jdk.debug" value="release"/>
    <property name="surefire.test.class.path" value="/home/alvin/GitHub/cms-backend/app/lms-sys/target/test-classes:/home/alvin/GitHub/cms-backend/app/lms-sys/target/classes:/home/alvin/.m2/repository/org/springframework/cloud/spring-cloud-starter-gateway/4.1.6/spring-cloud-starter-gateway-4.1.6.jar:/home/alvin/.m2/repository/org/springframework/cloud/spring-cloud-starter/4.1.5/spring-cloud-starter-4.1.5.jar:/home/alvin/.m2/repository/org/springframework/cloud/spring-cloud-context/4.1.5/spring-cloud-context-4.1.5.jar:/home/alvin/.m2/repository/org/springframework/security/spring-security-crypto/6.3.10/spring-security-crypto-6.3.10.jar:/home/alvin/.m2/repository/org/springframework/cloud/spring-cloud-commons/4.1.5/spring-cloud-commons-4.1.5.jar:/home/alvin/.m2/repository/org/springframework/security/spring-security-rsa/1.1.3/spring-security-rsa-1.1.3.jar:/home/alvin/.m2/repository/org/bouncycastle/bcprov-jdk18on/1.78/bcprov-jdk18on-1.78.jar:/home/alvin/.m2/repository/org/springframework/cloud/spring-cloud-gateway-server/4.1.6/spring-cloud-gateway-server-4.1.6.jar:/home/alvin/.m2/repository/org/springframework/boot/spring-boot-starter-validation/3.3.13/spring-boot-starter-validation-3.3.13.jar:/home/alvin/.m2/repository/org/apache/tomcat/embed/tomcat-embed-el/10.1.42/tomcat-embed-el-10.1.42.jar:/home/alvin/.m2/repository/org/hibernate/validator/hibernate-validator/8.0.2.Final/hibernate-validator-8.0.2.Final.jar:/home/alvin/.m2/repository/jakarta/validation/jakarta.validation-api/3.0.2/jakarta.validation-api-3.0.2.jar:/home/alvin/.m2/repository/io/projectreactor/addons/reactor-extra/3.5.2/reactor-extra-3.5.2.jar:/home/alvin/.m2/repository/io/projectreactor/reactor-core/3.6.18/reactor-core-3.6.18.jar:/home/alvin/.m2/repository/org/reactivestreams/reactive-streams/1.0.4/reactive-streams-1.0.4.jar:/home/alvin/.m2/repository/org/springframework/boot/spring-boot-starter-webflux/3.3.13/spring-boot-starter-webflux-3.3.13.jar:/home/alvin/.m2/repository/org/springframework/boot/spring-boot-starter-json/3.3.13/spring-boot-starter-json-3.3.13.jar:/home/alvin/.m2/repository/com/fasterxml/jackson/datatype/jackson-datatype-jdk8/2.17.3/jackson-datatype-jdk8-2.17.3.jar:/home/alvin/.m2/repository/com/fasterxml/jackson/module/jackson-module-parameter-names/2.17.3/jackson-module-parameter-names-2.17.3.jar:/home/alvin/.m2/repository/org/springframework/boot/spring-boot-starter-reactor-netty/3.3.13/spring-boot-starter-reactor-netty-3.3.13.jar:/home/alvin/.m2/repository/io/projectreactor/netty/reactor-netty-http/1.1.31/reactor-netty-http-1.1.31.jar:/home/alvin/.m2/repository/io/netty/netty-codec-http/4.1.122.Final/netty-codec-http-4.1.122.Final.jar:/home/alvin/.m2/repository/io/netty/netty-common/4.1.122.Final/netty-common-4.1.122.Final.jar:/home/alvin/.m2/repository/io/netty/netty-buffer/4.1.122.Final/netty-buffer-4.1.122.Final.jar:/home/alvin/.m2/repository/io/netty/netty-transport/4.1.122.Final/netty-transport-4.1.122.Final.jar:/home/alvin/.m2/repository/io/netty/netty-codec/4.1.122.Final/netty-codec-4.1.122.Final.jar:/home/alvin/.m2/repository/io/netty/netty-handler/4.1.122.Final/netty-handler-4.1.122.Final.jar:/home/alvin/.m2/repository/io/netty/netty-codec-http2/4.1.122.Final/netty-codec-http2-4.1.122.Final.jar:/home/alvin/.m2/repository/io/netty/netty-resolver-dns/4.1.122.Final/netty-resolver-dns-4.1.122.Final.jar:/home/alvin/.m2/repository/io/netty/netty-resolver/4.1.122.Final/netty-resolver-4.1.122.Final.jar:/home/alvin/.m2/repository/io/netty/netty-codec-dns/4.1.122.Final/netty-codec-dns-4.1.122.Final.jar:/home/alvin/.m2/repository/io/netty/netty-resolver-dns-native-macos/4.1.122.Final/netty-resolver-dns-native-macos-4.1.122.Final-osx-x86_64.jar:/home/alvin/.m2/repository/io/netty/netty-resolver-dns-classes-macos/4.1.122.Final/netty-resolver-dns-classes-macos-4.1.122.Final.jar:/home/alvin/.m2/repository/io/netty/netty-transport-native-epoll/4.1.122.Final/netty-transport-native-epoll-4.1.122.Final-linux-x86_64.jar:/home/alvin/.m2/repository/io/netty/netty-transport-native-unix-common/4.1.122.Final/netty-transport-native-unix-common-4.1.122.Final.jar:/home/alvin/.m2/repository/io/netty/netty-transport-classes-epoll/4.1.122.Final/netty-transport-classes-epoll-4.1.122.Final.jar:/home/alvin/.m2/repository/io/projectreactor/netty/reactor-netty-core/1.1.31/reactor-netty-core-1.1.31.jar:/home/alvin/.m2/repository/io/netty/netty-handler-proxy/4.1.122.Final/netty-handler-proxy-4.1.122.Final.jar:/home/alvin/.m2/repository/io/netty/netty-codec-socks/4.1.122.Final/netty-codec-socks-4.1.122.Final.jar:/home/alvin/.m2/repository/org/springframework/spring-web/6.1.21/spring-web-6.1.21.jar:/home/alvin/.m2/repository/org/springframework/spring-webflux/6.1.21/spring-webflux-6.1.21.jar:/home/alvin/.m2/repository/org/springframework/cloud/spring-cloud-starter-consul-discovery/4.1.3/spring-cloud-starter-consul-discovery-4.1.3.jar:/home/alvin/.m2/repository/org/springframework/cloud/spring-cloud-starter-consul/4.1.3/spring-cloud-starter-consul-4.1.3.jar:/home/alvin/.m2/repository/org/springframework/cloud/spring-cloud-consul-core/4.1.3/spring-cloud-consul-core-4.1.3.jar:/home/alvin/.m2/repository/com/ecwid/consul/consul-api/1.4.5/consul-api-1.4.5.jar:/home/alvin/.m2/repository/com/google/code/gson/gson/2.10.1/gson-2.10.1.jar:/home/alvin/.m2/repository/org/apache/httpcomponents/httpclient/4.5.14/httpclient-4.5.14.jar:/home/alvin/.m2/repository/commons-logging/commons-logging/1.2/commons-logging-1.2.jar:/home/alvin/.m2/repository/commons-codec/commons-codec/1.16.1/commons-codec-1.16.1.jar:/home/alvin/.m2/repository/org/apache/httpcomponents/httpcore/4.4.16/httpcore-4.4.16.jar:/home/alvin/.m2/repository/org/springframework/cloud/spring-cloud-consul-discovery/4.1.3/spring-cloud-consul-discovery-4.1.3.jar:/home/alvin/.m2/repository/org/springframework/cloud/spring-cloud-starter-loadbalancer/4.1.5/spring-cloud-starter-loadbalancer-4.1.5.jar:/home/alvin/.m2/repository/org/springframework/cloud/spring-cloud-loadbalancer/4.1.5/spring-cloud-loadbalancer-4.1.5.jar:/home/alvin/.m2/repository/com/stoyanr/evictor/1.0.0/evictor-1.0.0.jar:/home/alvin/.m2/repository/org/springframework/boot/spring-boot-starter-test/3.3.13/spring-boot-starter-test-3.3.13.jar:/home/alvin/.m2/repository/org/springframework/boot/spring-boot-starter/3.3.13/spring-boot-starter-3.3.13.jar:/home/alvin/.m2/repository/org/springframework/boot/spring-boot/3.3.13/spring-boot-3.3.13.jar:/home/alvin/.m2/repository/org/springframework/boot/spring-boot-autoconfigure/3.3.13/spring-boot-autoconfigure-3.3.13.jar:/home/alvin/.m2/repository/org/springframework/boot/spring-boot-starter-logging/3.3.13/spring-boot-starter-logging-3.3.13.jar:/home/alvin/.m2/repository/ch/qos/logback/logback-classic/1.5.18/logback-classic-1.5.18.jar:/home/alvin/.m2/repository/ch/qos/logback/logback-core/1.5.18/logback-core-1.5.18.jar:/home/alvin/.m2/repository/org/apache/logging/log4j/log4j-to-slf4j/2.23.1/log4j-to-slf4j-2.23.1.jar:/home/alvin/.m2/repository/org/apache/logging/log4j/log4j-api/2.23.1/log4j-api-2.23.1.jar:/home/alvin/.m2/repository/org/slf4j/jul-to-slf4j/2.0.17/jul-to-slf4j-2.0.17.jar:/home/alvin/.m2/repository/jakarta/annotation/jakarta.annotation-api/2.1.1/jakarta.annotation-api-2.1.1.jar:/home/alvin/.m2/repository/org/yaml/snakeyaml/2.2/snakeyaml-2.2.jar:/home/alvin/.m2/repository/org/springframework/boot/spring-boot-test/3.3.13/spring-boot-test-3.3.13.jar:/home/alvin/.m2/repository/org/springframework/boot/spring-boot-test-autoconfigure/3.3.13/spring-boot-test-autoconfigure-3.3.13.jar:/home/alvin/.m2/repository/com/jayway/jsonpath/json-path/2.9.0/json-path-2.9.0.jar:/home/alvin/.m2/repository/org/slf4j/slf4j-api/2.0.17/slf4j-api-2.0.17.jar:/home/alvin/.m2/repository/jakarta/xml/bind/jakarta.xml.bind-api/4.0.2/jakarta.xml.bind-api-4.0.2.jar:/home/alvin/.m2/repository/jakarta/activation/jakarta.activation-api/2.1.3/jakarta.activation-api-2.1.3.jar:/home/alvin/.m2/repository/net/minidev/json-smart/2.5.2/json-smart-2.5.2.jar:/home/alvin/.m2/repository/net/minidev/accessors-smart/2.5.2/accessors-smart-2.5.2.jar:/home/alvin/.m2/repository/org/ow2/asm/asm/9.7.1/asm-9.7.1.jar:/home/alvin/.m2/repository/org/assertj/assertj-core/3.25.3/assertj-core-3.25.3.jar:/home/alvin/.m2/repository/net/bytebuddy/byte-buddy/1.14.19/byte-buddy-1.14.19.jar:/home/alvin/.m2/repository/org/awaitility/awaitility/4.2.2/awaitility-4.2.2.jar:/home/alvin/.m2/repository/org/hamcrest/hamcrest/2.2/hamcrest-2.2.jar:/home/alvin/.m2/repository/org/junit/jupiter/junit-jupiter/5.10.5/junit-jupiter-5.10.5.jar:/home/alvin/.m2/repository/org/junit/jupiter/junit-jupiter-api/5.10.5/junit-jupiter-api-5.10.5.jar:/home/alvin/.m2/repository/org/opentest4j/opentest4j/1.3.0/opentest4j-1.3.0.jar:/home/alvin/.m2/repository/org/junit/platform/junit-platform-commons/1.10.5/junit-platform-commons-1.10.5.jar:/home/alvin/.m2/repository/org/apiguardian/apiguardian-api/1.1.2/apiguardian-api-1.1.2.jar:/home/alvin/.m2/repository/org/junit/jupiter/junit-jupiter-params/5.10.5/junit-jupiter-params-5.10.5.jar:/home/alvin/.m2/repository/org/junit/jupiter/junit-jupiter-engine/5.10.5/junit-jupiter-engine-5.10.5.jar:/home/alvin/.m2/repository/org/junit/platform/junit-platform-engine/1.10.5/junit-platform-engine-1.10.5.jar:/home/alvin/.m2/repository/org/mockito/mockito-core/5.11.0/mockito-core-5.11.0.jar:/home/alvin/.m2/repository/net/bytebuddy/byte-buddy-agent/1.14.19/byte-buddy-agent-1.14.19.jar:/home/alvin/.m2/repository/org/objenesis/objenesis/3.3/objenesis-3.3.jar:/home/alvin/.m2/repository/org/mockito/mockito-junit-jupiter/5.11.0/mockito-junit-jupiter-5.11.0.jar:/home/alvin/.m2/repository/org/skyscreamer/jsonassert/1.5.3/jsonassert-1.5.3.jar:/home/alvin/.m2/repository/com/vaadin/external/google/android-json/0.0.20131108.vaadin1/android-json-0.0.20131108.vaadin1.jar:/home/alvin/.m2/repository/org/springframework/spring-core/6.1.21/spring-core-6.1.21.jar:/home/alvin/.m2/repository/org/springframework/spring-jcl/6.1.21/spring-jcl-6.1.21.jar:/home/alvin/.m2/repository/org/springframework/spring-test/6.1.21/spring-test-6.1.21.jar:/home/alvin/.m2/repository/org/xmlunit/xmlunit-core/2.9.1/xmlunit-core-2.9.1.jar:/home/alvin/.m2/repository/org/springframework/boot/spring-boot-starter-actuator/3.3.13/spring-boot-starter-actuator-3.3.13.jar:/home/alvin/.m2/repository/org/springframework/boot/spring-boot-actuator-autoconfigure/3.3.13/spring-boot-actuator-autoconfigure-3.3.13.jar:/home/alvin/.m2/repository/org/springframework/boot/spring-boot-actuator/3.3.13/spring-boot-actuator-3.3.13.jar:/home/alvin/.m2/repository/com/fasterxml/jackson/core/jackson-databind/2.17.3/jackson-databind-2.17.3.jar:/home/alvin/.m2/repository/com/fasterxml/jackson/core/jackson-annotations/2.17.3/jackson-annotations-2.17.3.jar:/home/alvin/.m2/repository/com/fasterxml/jackson/core/jackson-core/2.17.3/jackson-core-2.17.3.jar:/home/alvin/.m2/repository/com/fasterxml/jackson/datatype/jackson-datatype-jsr310/2.17.3/jackson-datatype-jsr310-2.17.3.jar:/home/alvin/.m2/repository/io/micrometer/micrometer-observation/1.13.15/micrometer-observation-1.13.15.jar:/home/alvin/.m2/repository/io/micrometer/micrometer-commons/1.13.15/micrometer-commons-1.13.15.jar:/home/alvin/.m2/repository/io/micrometer/micrometer-jakarta9/1.13.15/micrometer-jakarta9-1.13.15.jar:/home/alvin/.m2/repository/io/micrometer/micrometer-core/1.13.15/micrometer-core-1.13.15.jar:/home/alvin/.m2/repository/org/hdrhistogram/HdrHistogram/2.2.2/HdrHistogram-2.2.2.jar:/home/alvin/.m2/repository/org/latencyutils/LatencyUtils/2.0.3/LatencyUtils-2.0.3.jar:/home/alvin/.m2/repository/org/springframework/boot/spring-boot-starter-cache/3.3.13/spring-boot-starter-cache-3.3.13.jar:/home/alvin/.m2/repository/org/springframework/spring-context-support/6.1.21/spring-context-support-6.1.21.jar:/home/alvin/.m2/repository/org/springframework/spring-beans/6.1.21/spring-beans-6.1.21.jar:/home/alvin/.m2/repository/org/springframework/spring-context/6.1.21/spring-context-6.1.21.jar:/home/alvin/.m2/repository/org/springframework/spring-expression/6.1.21/spring-expression-6.1.21.jar:/home/alvin/.m2/repository/com/github/ben-manes/caffeine/caffeine/3.2.0/caffeine-3.2.0.jar:/home/alvin/.m2/repository/org/jspecify/jspecify/0.3.0/jspecify-0.3.0.jar:/home/alvin/.m2/repository/com/google/errorprone/error_prone_annotations/2.36.0/error_prone_annotations-2.36.0.jar:/home/alvin/.m2/repository/org/springframework/boot/spring-boot-starter-data-jpa/3.3.13/spring-boot-starter-data-jpa-3.3.13.jar:/home/alvin/.m2/repository/org/springframework/boot/spring-boot-starter-aop/3.3.13/spring-boot-starter-aop-3.3.13.jar:/home/alvin/.m2/repository/org/springframework/spring-aop/6.1.21/spring-aop-6.1.21.jar:/home/alvin/.m2/repository/org/aspectj/aspectjweaver/1.9.24/aspectjweaver-1.9.24.jar:/home/alvin/.m2/repository/org/springframework/boot/spring-boot-starter-jdbc/3.3.13/spring-boot-starter-jdbc-3.3.13.jar:/home/alvin/.m2/repository/com/zaxxer/HikariCP/5.1.0/HikariCP-5.1.0.jar:/home/alvin/.m2/repository/org/springframework/spring-jdbc/6.1.21/spring-jdbc-6.1.21.jar:/home/alvin/.m2/repository/org/hibernate/orm/hibernate-core/6.5.3.Final/hibernate-core-6.5.3.Final.jar:/home/alvin/.m2/repository/jakarta/persistence/jakarta.persistence-api/3.1.0/jakarta.persistence-api-3.1.0.jar:/home/alvin/.m2/repository/jakarta/transaction/jakarta.transaction-api/2.0.1/jakarta.transaction-api-2.0.1.jar:/home/alvin/.m2/repository/org/jboss/logging/jboss-logging/3.5.3.Final/jboss-logging-3.5.3.Final.jar:/home/alvin/.m2/repository/org/hibernate/common/hibernate-commons-annotations/6.0.6.Final/hibernate-commons-annotations-6.0.6.Final.jar:/home/alvin/.m2/repository/io/smallrye/jandex/3.1.2/jandex-3.1.2.jar:/home/alvin/.m2/repository/com/fasterxml/classmate/1.7.0/classmate-1.7.0.jar:/home/alvin/.m2/repository/org/glassfish/jaxb/jaxb-runtime/4.0.5/jaxb-runtime-4.0.5.jar:/home/alvin/.m2/repository/org/glassfish/jaxb/jaxb-core/4.0.5/jaxb-core-4.0.5.jar:/home/alvin/.m2/repository/org/eclipse/angus/angus-activation/2.0.2/angus-activation-2.0.2.jar:/home/alvin/.m2/repository/org/glassfish/jaxb/txw2/4.0.5/txw2-4.0.5.jar:/home/alvin/.m2/repository/com/sun/istack/istack-commons-runtime/4.1.2/istack-commons-runtime-4.1.2.jar:/home/alvin/.m2/repository/jakarta/inject/jakarta.inject-api/2.0.1/jakarta.inject-api-2.0.1.jar:/home/alvin/.m2/repository/org/antlr/antlr4-runtime/4.13.0/antlr4-runtime-4.13.0.jar:/home/alvin/.m2/repository/org/springframework/data/spring-data-jpa/3.3.13/spring-data-jpa-3.3.13.jar:/home/alvin/.m2/repository/org/springframework/data/spring-data-commons/3.3.13/spring-data-commons-3.3.13.jar:/home/alvin/.m2/repository/org/springframework/spring-orm/6.1.21/spring-orm-6.1.21.jar:/home/alvin/.m2/repository/org/springframework/spring-tx/6.1.21/spring-tx-6.1.21.jar:/home/alvin/.m2/repository/org/springframework/spring-aspects/6.1.21/spring-aspects-6.1.21.jar:/home/alvin/.m2/repository/org/postgresql/postgresql/42.7.7/postgresql-42.7.7.jar:/home/alvin/.m2/repository/org/checkerframework/checker-qual/3.49.3/checker-qual-3.49.3.jar:/home/alvin/.m2/repository/org/projectlombok/lombok/1.18.38/lombok-1.18.38.jar:"/>
    <property name="sun.cpu.endian" value="little"/>
    <property name="user.home" value="/home/alvin"/>
    <property name="user.language" value="en"/>
    <property name="java.specification.vendor" value="Oracle Corporation"/>
    <property name="java.version.date" value="2025-04-15"/>
    <property name="java.home" value="/usr/lib/jvm/java-21-openjdk-amd64"/>
    <property name="file.separator" value="/"/>
    <property name="basedir" value="/home/alvin/GitHub/cms-backend/app/lms-sys"/>
    <property name="java.vm.compressedOopsMode" value="Zero based"/>
    <property name="line.separator" value="&#10;"/>
    <property name="java.vm.specification.vendor" value="Oracle Corporation"/>
    <property name="java.specification.name" value="Java Platform API Specification"/>
    <property name="FILE_LOG_CHARSET" value="UTF-8"/>
    <property name="java.awt.headless" value="true"/>
    <property name="surefire.real.class.path" value="/home/alvin/GitHub/cms-backend/app/lms-sys/target/surefire/surefirebooter-20250725012133158_3.jar"/>
    <property name="sun.management.compiler" value="HotSpot 64-Bit Tiered Compilers"/>
    <property name="java.runtime.version" value="21.0.7+6-Ubuntu-0ubuntu124.04"/>
    <property name="user.name" value="alvin"/>
    <property name="stdout.encoding" value="UTF-8"/>
    <property name="path.separator" value=":"/>
    <property name="os.version" value="6.11.0-26-generic"/>
    <property name="java.runtime.name" value="OpenJDK Runtime Environment"/>
    <property name="file.encoding" value="UTF-8"/>
    <property name="java.vm.name" value="OpenJDK 64-Bit Server VM"/>
    <property name="localRepository" value="/home/alvin/.m2/repository"/>
    <property name="java.vendor.url.bug" value="https://bugs.launchpad.net/ubuntu/+source/openjdk-21"/>
    <property name="java.io.tmpdir" value="/tmp"/>
    <property name="com.zaxxer.hikari.pool_number" value="1"/>
    <property name="java.version" value="21.0.7"/>
    <property name="user.dir" value="/home/alvin/GitHub/cms-backend/app/lms-sys"/>
    <property name="os.arch" value="amd64"/>
    <property name="java.vm.specification.name" value="Java Virtual Machine Specification"/>
    <property name="PID" value="888843"/>
    <property name="CONSOLE_LOG_CHARSET" value="UTF-8"/>
    <property name="native.encoding" value="UTF-8"/>
    <property name="java.library.path" value="/usr/java/packages/lib:/usr/lib/x86_64-linux-gnu/jni:/lib/x86_64-linux-gnu:/usr/lib/x86_64-linux-gnu:/usr/lib/jni:/lib:/usr/lib"/>
    <property name="java.vm.info" value="mixed mode, sharing"/>
    <property name="stderr.encoding" value="UTF-8"/>
    <property name="java.vendor" value="Ubuntu"/>
    <property name="java.vm.version" value="21.0.7+6-Ubuntu-0ubuntu124.04"/>
    <property name="sun.io.unicode.encoding" value="UnicodeLittle"/>
    <property name="java.class.version" value="65.0"/>
    <property name="LOGGED_APPLICATION_NAME" value="[lms-service] "/>
  </properties>
  <testcase name="contextLoads" classname="com.content_management_system.lms.LmsApplicationTests" time="0.418">
    <system-out><![CDATA[Standard Commons Logging discovery in action with spring-jcl: please remove commons-logging.jar from classpath in order to avoid potential conflicts
01:21:33.765 [main] INFO org.springframework.test.context.support.AnnotationConfigContextLoaderUtils -- Could not detect default configuration classes for test class [com.content_management_system.lms.LmsApplicationTests]: LmsApplicationTests does not declare any static, non-private, non-final, nested classes annotated with @Configuration.
01:21:33.837 [main] INFO org.springframework.boot.test.context.SpringBootTestContextBootstrapper -- Found @SpringBootConfiguration com.content_management_system.lms.LmsApplication for test class com.content_management_system.lms.LmsApplicationTests

  .   ____          _            __ _ _
 /\\ / ___'_ __ _ _(_)_ __  __ _ \ \ \ \
( ( )\___ | '_ | '_| | '_ \/ _` | \ \ \ \
 \\/  ___)| |_)| | | | | || (_| |  ) ) ) )
  '  |____| .__|_| |_|_| |_\__, | / / / /
 =========|_|==============|___/=/_/_/_/

 :: Spring Boot ::               (v3.3.13)

2025-07-25T01:21:34.208+07:00  INFO 888843 --- [lms-service] [           main] c.c.lms.LmsApplicationTests              : Starting LmsApplicationTests using Java 21.0.7 with PID 888843 (started by alvin in /home/alvin/GitHub/cms-backend/app/lms-sys)
2025-07-25T01:21:34.209+07:00  INFO 888843 --- [lms-service] [           main] c.c.lms.LmsApplicationTests              : No active profile set, falling back to 1 default profile: "default"
2025-07-25T01:21:35.108+07:00  INFO 888843 --- [lms-service] [           main] .s.d.r.c.RepositoryConfigurationDelegate : Bootstrapping Spring Data JPA repositories in DEFAULT mode.
2025-07-25T01:21:35.187+07:00  INFO 888843 --- [lms-service] [           main] .s.d.r.c.RepositoryConfigurationDelegate : Finished Spring Data repository scanning in 74 ms. Found 3 JPA repository interfaces.
2025-07-25T01:21:35.365+07:00  INFO 888843 --- [lms-service] [           main] o.s.cloud.context.scope.GenericScope     : BeanFactory id=0bf3b1ca-7de7-3cfb-82ab-bd899879730c
2025-07-25T01:21:35.631+07:00  INFO 888843 --- [lms-service] [           main] com.zaxxer.hikari.HikariDataSource       : HikariPool-1 - Starting...
2025-07-25T01:21:35.931+07:00  INFO 888843 --- [lms-service] [           main] com.zaxxer.hikari.pool.HikariPool        : HikariPool-1 - Added connection org.postgresql.jdbc.PgConnection@12a6e8ed
2025-07-25T01:21:35.932+07:00  INFO 888843 --- [lms-service] [           main] com.zaxxer.hikari.HikariDataSource       : HikariPool-1 - Start completed.
2025-07-25T01:21:36.048+07:00  INFO 888843 --- [lms-service] [           main] o.hibernate.jpa.internal.util.LogHelper  : HHH000204: Processing PersistenceUnitInfo [name: default]
2025-07-25T01:21:36.097+07:00  INFO 888843 --- [lms-service] [           main] org.hibernate.Version                    : HHH000412: Hibernate ORM core version 6.5.3.Final
2025-07-25T01:21:36.128+07:00  INFO 888843 --- [lms-service] [           main] o.h.c.internal.RegionFactoryInitiator    : HHH000026: Second-level cache disabled
2025-07-25T01:21:36.365+07:00  INFO 888843 --- [lms-service] [           main] o.s.o.j.p.SpringPersistenceUnitInfo      : No LoadTimeWeaver setup: ignoring JPA class transformer
2025-07-25T01:21:36.413+07:00  WARN 888843 --- [lms-service] [           main] org.hibernate.orm.deprecation            : HHH90000025: PostgreSQLDialect does not need to be specified explicitly using 'hibernate.dialect' (remove the property setting and it will be selected by default)
2025-07-25T01:21:37.506+07:00  INFO 888843 --- [lms-service] [           main] o.h.e.t.j.p.i.JtaPlatformInitiator       : HHH000489: No JTA platform available (set 'hibernate.transaction.jta.platform' to enable JTA platform integration)
Hibernate: 
    alter table if exists "assignment" 
       drop constraint if exists FKanl6tsvrh9xglpiqfniwvnlex
Hibernate: 
    alter table if exists "certificate" 
       drop constraint if exists FKhcb2a4kjoxh9wr90ip8le0nku
Hibernate: 
    alter table if exists "course" 
       drop constraint if exists FKjq4y860a7nul6cn2uuo8owu5
Hibernate: 
    alter table if exists "course" 
       drop constraint if exists FKdsysdhhappka1hx1rj5yvp9vt
Hibernate: 
    alter table if exists "course_category" 
       drop constraint if exists FKstnwggad0qh0g5egg8nxh9spa
Hibernate: 
    alter table if exists "enrollment" 
       drop constraint if exists FK1ieyvv3xk8uciqnk0f6fbbhpx
Hibernate: 
    alter table if exists "enrollment" 
       drop constraint if exists FK98kejxv0gxdiytnbpuub20tfx
Hibernate: 
    alter table if exists "lesson" 
       drop constraint if exists FKinveq4324pjou4h34b33rpu1
Hibernate: 
    alter table if exists "module" 
       drop constraint if exists FKkvvfkcr34bitbp0rk0bvnaq9a
Hibernate: 
    alter table if exists "quiz" 
       drop constraint if exists FKblb8qxad5rwx2d4r1fsmfq3ox
Hibernate: 
    alter table if exists "rating" 
       drop constraint if exists FK203b5b9bt7i5ctdeksbnatsh5
Hibernate: 
    alter table if exists "rating" 
       drop constraint if exists FKfxhernv5dmp9x2v23dgtedngk
Hibernate: 
    alter table if exists "report" 
       drop constraint if exists FKfb25ryhgruhasarrqjvnu2k0c
Hibernate: 
    alter table if exists "review" 
       drop constraint if exists FKhu2xetby3hryq3y8bl24h06kk
Hibernate: 
    alter table if exists "review" 
       drop constraint if exists FKhruntmasmfx37yvoo35v910qt
Hibernate: 
    alter table if exists "student_quiz" 
       drop constraint if exists FK7fu6mkh5waa0u7knhorx7dpbl
Hibernate: 
    alter table if exists "student_quiz" 
       drop constraint if exists FKmlyd5yny5x26t6cewtbtius64
Hibernate: 
    alter table if exists "submission" 
       drop constraint if exists FK6gvxoval0xaxsor5pr7xrdirk
Hibernate: 
    alter table if exists "submission" 
       drop constraint if exists FKkh56vu96rgc0g4m8082ldpnax
Hibernate: 
    alter table if exists "user" 
       drop constraint if exists FKcg8vm2yga4tm8kvsid9aqkt55
Hibernate: 
    alter table if exists "user" 
       drop constraint if exists FK4maer2xcnwp7mw0k1qrbynd8n
Hibernate: 
    drop table if exists "assignment" cascade
Hibernate: 
    drop table if exists "certificate" cascade
Hibernate: 
    drop table if exists "course" cascade
Hibernate: 
    drop table if exists "course_category" cascade
Hibernate: 
    drop table if exists "enrollment" cascade
Hibernate: 
    drop table if exists "lesson" cascade
Hibernate: 
    drop table if exists "module" cascade
Hibernate: 
    drop table if exists "quiz" cascade
Hibernate: 
    drop table if exists "rating" cascade
Hibernate: 
    drop table if exists "report" cascade
Hibernate: 
    drop table if exists "review" cascade
Hibernate: 
    drop table if exists "role" cascade
Hibernate: 
    drop table if exists "student_quiz" cascade
Hibernate: 
    drop table if exists "submission" cascade
Hibernate: 
    drop table if exists "tenants" cascade
Hibernate: 
    drop table if exists "user" cascade
Hibernate: 
    drop type if exists LmsRoleName cascade
2025-07-25T01:21:37.572+07:00  WARN 888843 --- [lms-service] [           main] o.h.engine.jdbc.spi.SqlExceptionHelper   : SQL Warning Code: 0, SQLState: 00000
2025-07-25T01:21:37.572+07:00  WARN 888843 --- [lms-service] [           main] o.h.engine.jdbc.spi.SqlExceptionHelper   : drop cascades to 2 other objects
Hibernate: 
    create type LmsRoleName as enum ('Admin','Owner','Staff')
Hibernate: 
    create cast (varchar as LmsRoleName) with inout as implicit
Hibernate: 
    create cast (LmsRoleName as varchar) with inout as implicit
Hibernate: 
    create table "assignment" (
        course_id bigint,
        created_at timestamp(6) with time zone not null,
        deleted_at timestamp(6) with time zone,
        id bigint generated by default as identity,
        updated_at timestamp(6) with time zone,
        title varchar(255),
        instructions oid,
        primary key (id)
    )
Hibernate: 
    create table "certificate" (
        created_at timestamp(6) with time zone not null,
        deleted_at timestamp(6) with time zone,
        enrollment_id bigint unique,
        id bigint generated by default as identity,
        issue_date timestamp(6) with time zone,
        updated_at timestamp(6) with time zone,
        certificate_url varchar(2048),
        primary key (id)
    )
Hibernate: 
    create table "course" (
        duration_day_count integer,
        overall_rating integer,
        category_id bigint,
        created_at timestamp(6) with time zone not null,
        deleted_at timestamp(6) with time zone,
        id bigint generated by default as identity,
        instructor_id bigint,
        updated_at timestamp(6) with time zone,
        description varchar(255),
        status course_status check (status in ('Pending','Published','Unpublished','Archived')),
        title varchar(255),
        primary key (id)
    )
Hibernate: 
    create table "course_category" (
        created_at timestamp(6) with time zone not null,
        deleted_at timestamp(6) with time zone,
        id bigint generated by default as identity,
        tenant_id bigint,
        updated_at timestamp(6) with time zone,
        description varchar(255),
        name varchar(255),
        primary key (id)
    )
Hibernate: 
    create table "enrollment" (
        progress numeric(5,2),
        course_id bigint,
        created_at timestamp(6) with time zone not null,
        deleted_at timestamp(6) with time zone,
        due_date timestamp(6) with time zone,
        enrollment_date timestamp(6) with time zone,
        id bigint generated by default as identity,
        student_id bigint,
        updated_at timestamp(6) with time zone,
        status enrollment_status check (status in ('Pending','Enrolled','Completed','Dropped')),
        primary key (id)
    )
Hibernate: 
    create table "lesson" (
        created_at timestamp(6) with time zone not null,
        deleted_at timestamp(6) with time zone,
        id bigint generated by default as identity,
        module_id bigint,
        updated_at timestamp(6) with time zone,
        material_type material_type check (material_type in ('Video','PDF','Slide','Link')),
        title varchar(255),
        content oid,
        primary key (id)
    )
Hibernate: 
    create table "module" (
        course_id bigint,
        created_at timestamp(6) with time zone not null,
        deleted_at timestamp(6) with time zone,
        id bigint generated by default as identity,
        updated_at timestamp(6) with time zone,
        description varchar(255),
        name varchar(255),
        primary key (id)
    )
Hibernate: 
    create table "quiz" (
        created_at timestamp(6) with time zone not null,
        deleted_at timestamp(6) with time zone,
        id bigint generated by default as identity,
        module_id bigint,
        updated_at timestamp(6) with time zone,
        answer varchar(255),
        question varchar(255),
        primary key (id)
    )
Hibernate: 
    create table "rating" (
        rating_count integer,
        course_id bigint,
        created_at timestamp(6) with time zone not null,
        deleted_at timestamp(6) with time zone,
        id bigint generated by default as identity,
        updated_at timestamp(6) with time zone,
        user_id bigint,
        primary key (id)
    )
Hibernate: 
    create table "report" (
        generated_by_user_id bigint,
        generated_date timestamp(6) with time zone,
        report_id bigint generated by default as identity,
        report_name varchar(255),
        data_snapshot oid,
        primary key (report_id)
    )
Hibernate: 
    create table "review" (
        course_id bigint,
        created_at timestamp(6) with time zone not null,
        deleted_at timestamp(6) with time zone,
        id bigint generated by default as identity,
        updated_at timestamp(6) with time zone,
        user_id bigint,
        title varchar(255),
        description oid,
        primary key (id)
    )
Hibernate: 
    create table "role" (
        created_at timestamp(6) with time zone not null,
        deleted_at timestamp(6) with time zone,
        id bigint generated by default as identity,
        updated_at timestamp(6) with time zone,
        name lms_role_name not null unique,
        primary key (id)
    )
Hibernate: 
    create table "student_quiz" (
        attempt integer,
        score integer,
        created_at timestamp(6) with time zone not null,
        deleted_at timestamp(6) with time zone,
        id bigint generated by default as identity,
        quiz_id bigint,
        student_id bigint,
        updated_at timestamp(6) with time zone,
        primary key (id)
    )
Hibernate: 
    create table "submission" (
        assignment_id bigint,
        created_at timestamp(6) with time zone not null,
        deleted_at timestamp(6) with time zone,
        id bigint generated by default as identity,
        student_id bigint,
        submitted_at timestamp(6) with time zone,
        updated_at timestamp(6) with time zone,
        file_url varchar(2048),
        primary key (id)
    )
Hibernate: 
    create table "tenants" (
        is_active boolean,
        created_at timestamp(6) with time zone not null,
        deleted_at timestamp(6) with time zone,
        id bigint generated by default as identity,
        updated_at timestamp(6) with time zone,
        name varchar(255),
        primary key (id)
    )
Hibernate: 
    create table "user" (
        created_at timestamp(6) with time zone not null,
        deleted_at timestamp(6) with time zone,
        id bigint generated by default as identity,
        registration_date timestamp(6) with time zone,
        role_id bigint,
        tenant_id bigint,
        updated_at timestamp(6) with time zone,
        address varchar(255),
        email varchar(255) not null unique,
        name varchar(255),
        password varchar(255) not null,
        phone_number varchar(255),
        username varchar(255) not null unique,
        primary key (id)
    )
Hibernate: 
    alter table if exists "assignment" 
       add constraint FKanl6tsvrh9xglpiqfniwvnlex 
       foreign key (course_id) 
       references "course"
Hibernate: 
    alter table if exists "certificate" 
       add constraint FKhcb2a4kjoxh9wr90ip8le0nku 
       foreign key (enrollment_id) 
       references "enrollment"
Hibernate: 
    alter table if exists "course" 
       add constraint FKjq4y860a7nul6cn2uuo8owu5 
       foreign key (category_id) 
       references "course_category"
Hibernate: 
    alter table if exists "course" 
       add constraint FKdsysdhhappka1hx1rj5yvp9vt 
       foreign key (instructor_id) 
       references "user"
Hibernate: 
    alter table if exists "course_category" 
       add constraint FKstnwggad0qh0g5egg8nxh9spa 
       foreign key (tenant_id) 
       references "tenants"
Hibernate: 
    alter table if exists "enrollment" 
       add constraint FK1ieyvv3xk8uciqnk0f6fbbhpx 
       foreign key (course_id) 
       references "course"
Hibernate: 
    alter table if exists "enrollment" 
       add constraint FK98kejxv0gxdiytnbpuub20tfx 
       foreign key (student_id) 
       references "user"
Hibernate: 
    alter table if exists "lesson" 
       add constraint FKinveq4324pjou4h34b33rpu1 
       foreign key (module_id) 
       references "module"
Hibernate: 
    alter table if exists "module" 
       add constraint FKkvvfkcr34bitbp0rk0bvnaq9a 
       foreign key (course_id) 
       references "course"
Hibernate: 
    alter table if exists "quiz" 
       add constraint FKblb8qxad5rwx2d4r1fsmfq3ox 
       foreign key (module_id) 
       references "module"
Hibernate: 
    alter table if exists "rating" 
       add constraint FK203b5b9bt7i5ctdeksbnatsh5 
       foreign key (course_id) 
       references "course"
Hibernate: 
    alter table if exists "rating" 
       add constraint FKfxhernv5dmp9x2v23dgtedngk 
       foreign key (user_id) 
       references "user"
Hibernate: 
    alter table if exists "report" 
       add constraint FKfb25ryhgruhasarrqjvnu2k0c 
       foreign key (generated_by_user_id) 
       references "user"
Hibernate: 
    alter table if exists "review" 
       add constraint FKhu2xetby3hryq3y8bl24h06kk 
       foreign key (course_id) 
       references "course"
Hibernate: 
    alter table if exists "review" 
       add constraint FKhruntmasmfx37yvoo35v910qt 
       foreign key (user_id) 
       references "user"
Hibernate: 
    alter table if exists "student_quiz" 
       add constraint FK7fu6mkh5waa0u7knhorx7dpbl 
       foreign key (quiz_id) 
       references "quiz"
Hibernate: 
    alter table if exists "student_quiz" 
       add constraint FKmlyd5yny5x26t6cewtbtius64 
       foreign key (student_id) 
       references "user"
Hibernate: 
    alter table if exists "submission" 
       add constraint FK6gvxoval0xaxsor5pr7xrdirk 
       foreign key (assignment_id) 
       references "assignment"
Hibernate: 
    alter table if exists "submission" 
       add constraint FKkh56vu96rgc0g4m8082ldpnax 
       foreign key (student_id) 
       references "user"
Hibernate: 
    alter table if exists "user" 
       add constraint FKcg8vm2yga4tm8kvsid9aqkt55 
       foreign key (role_id) 
       references "role"
Hibernate: 
    alter table if exists "user" 
       add constraint FK4maer2xcnwp7mw0k1qrbynd8n 
       foreign key (tenant_id) 
       references "tenants"
2025-07-25T01:21:37.687+07:00  INFO 888843 --- [lms-service] [           main] j.LocalContainerEntityManagerFactoryBean : Initialized JPA EntityManagerFactory for persistence unit 'default'
2025-07-25T01:21:38.611+07:00  INFO 888843 --- [lms-service] [           main] o.s.c.g.r.RouteDefinitionRouteLocator    : Loaded RoutePredicateFactory [After]
2025-07-25T01:21:38.611+07:00  INFO 888843 --- [lms-service] [           main] o.s.c.g.r.RouteDefinitionRouteLocator    : Loaded RoutePredicateFactory [Before]
2025-07-25T01:21:38.612+07:00  INFO 888843 --- [lms-service] [           main] o.s.c.g.r.RouteDefinitionRouteLocator    : Loaded RoutePredicateFactory [Between]
2025-07-25T01:21:38.612+07:00  INFO 888843 --- [lms-service] [           main] o.s.c.g.r.RouteDefinitionRouteLocator    : Loaded RoutePredicateFactory [Cookie]
2025-07-25T01:21:38.612+07:00  INFO 888843 --- [lms-service] [           main] o.s.c.g.r.RouteDefinitionRouteLocator    : Loaded RoutePredicateFactory [Header]
2025-07-25T01:21:38.612+07:00  INFO 888843 --- [lms-service] [           main] o.s.c.g.r.RouteDefinitionRouteLocator    : Loaded RoutePredicateFactory [Host]
2025-07-25T01:21:38.612+07:00  INFO 888843 --- [lms-service] [           main] o.s.c.g.r.RouteDefinitionRouteLocator    : Loaded RoutePredicateFactory [Method]
2025-07-25T01:21:38.612+07:00  INFO 888843 --- [lms-service] [           main] o.s.c.g.r.RouteDefinitionRouteLocator    : Loaded RoutePredicateFactory [Path]
2025-07-25T01:21:38.612+07:00  INFO 888843 --- [lms-service] [           main] o.s.c.g.r.RouteDefinitionRouteLocator    : Loaded RoutePredicateFactory [Query]
2025-07-25T01:21:38.612+07:00  INFO 888843 --- [lms-service] [           main] o.s.c.g.r.RouteDefinitionRouteLocator    : Loaded RoutePredicateFactory [ReadBody]
2025-07-25T01:21:38.612+07:00  INFO 888843 --- [lms-service] [           main] o.s.c.g.r.RouteDefinitionRouteLocator    : Loaded RoutePredicateFactory [RemoteAddr]
2025-07-25T01:21:38.612+07:00  INFO 888843 --- [lms-service] [           main] o.s.c.g.r.RouteDefinitionRouteLocator    : Loaded RoutePredicateFactory [XForwardedRemoteAddr]
2025-07-25T01:21:38.612+07:00  INFO 888843 --- [lms-service] [           main] o.s.c.g.r.RouteDefinitionRouteLocator    : Loaded RoutePredicateFactory [Weight]
2025-07-25T01:21:38.612+07:00  INFO 888843 --- [lms-service] [           main] o.s.c.g.r.RouteDefinitionRouteLocator    : Loaded RoutePredicateFactory [CloudFoundryRouteService]
2025-07-25T01:21:38.936+07:00  INFO 888843 --- [lms-service] [           main] o.s.b.a.e.web.EndpointLinksResolver      : Exposing 18 endpoints beneath base path '/actuator'
2025-07-25T01:21:39.256+07:00  INFO 888843 --- [lms-service] [           main] c.c.lms.LmsApplicationTests              : Started LmsApplicationTests in 5.32 seconds (process running for 6.028)
Hibernate: 
    select
        r1_0.id 
    from
        "role" r1_0 
    where
        (
            r1_0.deleted_at IS NULL
        ) 
        and r1_0.name=? 
    fetch
        first ? rows only
Hibernate: 
    insert 
    into
        "role"
        (created_at, deleted_at, name) 
    values
        (?, ?, ?) 
    returning id
Hibernate: 
    select
        r1_0.id 
    from
        "role" r1_0 
    where
        (
            r1_0.deleted_at IS NULL
        ) 
        and r1_0.name=? 
    fetch
        first ? rows only
Hibernate: 
    insert 
    into
        "role"
        (created_at, deleted_at, name) 
    values
        (?, ?, ?) 
    returning id
Hibernate: 
    select
        r1_0.id 
    from
        "role" r1_0 
    where
        (
            r1_0.deleted_at IS NULL
        ) 
        and r1_0.name=? 
    fetch
        first ? rows only
Hibernate: 
    insert 
    into
        "role"
        (created_at, deleted_at, name) 
    values
        (?, ?, ?) 
    returning id
]]></system-out>
    <system-err><![CDATA[WARNING: A Java agent has been loaded dynamically (/home/alvin/.m2/repository/net/bytebuddy/byte-buddy-agent/1.14.19/byte-buddy-agent-1.14.19.jar)
WARNING: If a serviceability tool is in use, please run with -XX:+EnableDynamicAgentLoading to hide this warning
WARNING: If a serviceability tool is not in use, please run with -Djdk.instrument.traceUsage for more information
WARNING: Dynamic loading of agents will be disallowed by default in a future release
]]></system-err>
  </testcase>
</testsuite>