<?xml version="1.0" encoding="UTF-8"?>
<testsuite xmlns:xsi="http://www.w3.org/2001/XMLSchema-instance" xsi:noNamespaceSchemaLocation="https://maven.apache.org/surefire/maven-surefire-plugin/xsd/surefire-test-report-3.0.xsd" version="3.0" name="com.content_management_system.gateway.GatewayApplicationTests" time="4.498" tests="1" errors="0" skipped="0" failures="0">
  <properties>
    <property name="java.specification.version" value="21"/>
    <property name="sun.jnu.encoding" value="UTF-8"/>
    <property name="java.class.path" value="/home/alvin/GitHub/cms-backend/app/gateway/target/test-classes:/home/alvin/GitHub/cms-backend/app/gateway/target/classes:/home/alvin/.m2/repository/org/springframework/cloud/spring-cloud-starter-consul-discovery/4.1.3/spring-cloud-starter-consul-discovery-4.1.3.jar:/home/alvin/.m2/repository/org/springframework/cloud/spring-cloud-starter-consul/4.1.3/spring-cloud-starter-consul-4.1.3.jar:/home/alvin/.m2/repository/org/springframework/cloud/spring-cloud-consul-core/4.1.3/spring-cloud-consul-core-4.1.3.jar:/home/alvin/.m2/repository/com/ecwid/consul/consul-api/1.4.5/consul-api-1.4.5.jar:/home/alvin/.m2/repository/com/google/code/gson/gson/2.10.1/gson-2.10.1.jar:/home/alvin/.m2/repository/org/apache/httpcomponents/httpclient/4.5.14/httpclient-4.5.14.jar:/home/alvin/.m2/repository/commons-logging/commons-logging/1.2/commons-logging-1.2.jar:/home/alvin/.m2/repository/commons-codec/commons-codec/1.16.1/commons-codec-1.16.1.jar:/home/alvin/.m2/repository/org/apache/httpcomponents/httpcore/4.4.16/httpcore-4.4.16.jar:/home/alvin/.m2/repository/org/springframework/cloud/spring-cloud-consul-discovery/4.1.3/spring-cloud-consul-discovery-4.1.3.jar:/home/alvin/.m2/repository/org/springframework/cloud/spring-cloud-starter-loadbalancer/4.1.5/spring-cloud-starter-loadbalancer-4.1.5.jar:/home/alvin/.m2/repository/org/springframework/cloud/spring-cloud-loadbalancer/4.1.5/spring-cloud-loadbalancer-4.1.5.jar:/home/alvin/.m2/repository/io/projectreactor/reactor-core/3.6.18/reactor-core-3.6.18.jar:/home/alvin/.m2/repository/org/reactivestreams/reactive-streams/1.0.4/reactive-streams-1.0.4.jar:/home/alvin/.m2/repository/com/stoyanr/evictor/1.0.0/evictor-1.0.0.jar:/home/alvin/.m2/repository/org/springframework/cloud/spring-cloud-starter-gateway/4.1.6/spring-cloud-starter-gateway-4.1.6.jar:/home/alvin/.m2/repository/org/springframework/cloud/spring-cloud-starter/4.1.5/spring-cloud-starter-4.1.5.jar:/home/alvin/.m2/repository/org/springframework/cloud/spring-cloud-context/4.1.5/spring-cloud-context-4.1.5.jar:/home/alvin/.m2/repository/org/springframework/security/spring-security-crypto/6.3.10/spring-security-crypto-6.3.10.jar:/home/alvin/.m2/repository/org/springframework/cloud/spring-cloud-commons/4.1.5/spring-cloud-commons-4.1.5.jar:/home/alvin/.m2/repository/org/springframework/security/spring-security-rsa/1.1.3/spring-security-rsa-1.1.3.jar:/home/alvin/.m2/repository/org/bouncycastle/bcprov-jdk18on/1.78/bcprov-jdk18on-1.78.jar:/home/alvin/.m2/repository/org/springframework/cloud/spring-cloud-gateway-server/4.1.6/spring-cloud-gateway-server-4.1.6.jar:/home/alvin/.m2/repository/org/springframework/boot/spring-boot-starter-validation/3.3.13/spring-boot-starter-validation-3.3.13.jar:/home/alvin/.m2/repository/org/apache/tomcat/embed/tomcat-embed-el/10.1.42/tomcat-embed-el-10.1.42.jar:/home/alvin/.m2/repository/org/hibernate/validator/hibernate-validator/8.0.2.Final/hibernate-validator-8.0.2.Final.jar:/home/alvin/.m2/repository/jakarta/validation/jakarta.validation-api/3.0.2/jakarta.validation-api-3.0.2.jar:/home/alvin/.m2/repository/org/jboss/logging/jboss-logging/3.5.3.Final/jboss-logging-3.5.3.Final.jar:/home/alvin/.m2/repository/com/fasterxml/classmate/1.7.0/classmate-1.7.0.jar:/home/alvin/.m2/repository/io/projectreactor/addons/reactor-extra/3.5.2/reactor-extra-3.5.2.jar:/home/alvin/.m2/repository/org/springframework/boot/spring-boot-starter-webflux/3.3.13/spring-boot-starter-webflux-3.3.13.jar:/home/alvin/.m2/repository/org/springframework/boot/spring-boot-starter-json/3.3.13/spring-boot-starter-json-3.3.13.jar:/home/alvin/.m2/repository/com/fasterxml/jackson/datatype/jackson-datatype-jdk8/2.17.3/jackson-datatype-jdk8-2.17.3.jar:/home/alvin/.m2/repository/com/fasterxml/jackson/module/jackson-module-parameter-names/2.17.3/jackson-module-parameter-names-2.17.3.jar:/home/alvin/.m2/repository/org/springframework/boot/spring-boot-starter-reactor-netty/3.3.13/spring-boot-starter-reactor-netty-3.3.13.jar:/home/alvin/.m2/repository/io/projectreactor/netty/reactor-netty-http/1.1.31/reactor-netty-http-1.1.31.jar:/home/alvin/.m2/repository/io/netty/netty-codec-http/4.1.122.Final/netty-codec-http-4.1.122.Final.jar:/home/alvin/.m2/repository/io/netty/netty-common/4.1.122.Final/netty-common-4.1.122.Final.jar:/home/alvin/.m2/repository/io/netty/netty-buffer/4.1.122.Final/netty-buffer-4.1.122.Final.jar:/home/alvin/.m2/repository/io/netty/netty-transport/4.1.122.Final/netty-transport-4.1.122.Final.jar:/home/alvin/.m2/repository/io/netty/netty-codec/4.1.122.Final/netty-codec-4.1.122.Final.jar:/home/alvin/.m2/repository/io/netty/netty-handler/4.1.122.Final/netty-handler-4.1.122.Final.jar:/home/alvin/.m2/repository/io/netty/netty-codec-http2/4.1.122.Final/netty-codec-http2-4.1.122.Final.jar:/home/alvin/.m2/repository/io/netty/netty-resolver-dns/4.1.122.Final/netty-resolver-dns-4.1.122.Final.jar:/home/alvin/.m2/repository/io/netty/netty-resolver/4.1.122.Final/netty-resolver-4.1.122.Final.jar:/home/alvin/.m2/repository/io/netty/netty-codec-dns/4.1.122.Final/netty-codec-dns-4.1.122.Final.jar:/home/alvin/.m2/repository/io/netty/netty-resolver-dns-native-macos/4.1.122.Final/netty-resolver-dns-native-macos-4.1.122.Final-osx-x86_64.jar:/home/alvin/.m2/repository/io/netty/netty-resolver-dns-classes-macos/4.1.122.Final/netty-resolver-dns-classes-macos-4.1.122.Final.jar:/home/alvin/.m2/repository/io/netty/netty-transport-native-epoll/4.1.122.Final/netty-transport-native-epoll-4.1.122.Final-linux-x86_64.jar:/home/alvin/.m2/repository/io/netty/netty-transport-native-unix-common/4.1.122.Final/netty-transport-native-unix-common-4.1.122.Final.jar:/home/alvin/.m2/repository/io/netty/netty-transport-classes-epoll/4.1.122.Final/netty-transport-classes-epoll-4.1.122.Final.jar:/home/alvin/.m2/repository/io/projectreactor/netty/reactor-netty-core/1.1.31/reactor-netty-core-1.1.31.jar:/home/alvin/.m2/repository/io/netty/netty-handler-proxy/4.1.122.Final/netty-handler-proxy-4.1.122.Final.jar:/home/alvin/.m2/repository/io/netty/netty-codec-socks/4.1.122.Final/netty-codec-socks-4.1.122.Final.jar:/home/alvin/.m2/repository/org/springframework/spring-web/6.1.21/spring-web-6.1.21.jar:/home/alvin/.m2/repository/org/springframework/spring-webflux/6.1.21/spring-webflux-6.1.21.jar:/home/alvin/.m2/repository/org/springframework/boot/spring-boot-starter-test/3.3.13/spring-boot-starter-test-3.3.13.jar:/home/alvin/.m2/repository/org/springframework/boot/spring-boot-starter/3.3.13/spring-boot-starter-3.3.13.jar:/home/alvin/.m2/repository/org/springframework/boot/spring-boot/3.3.13/spring-boot-3.3.13.jar:/home/alvin/.m2/repository/org/springframework/boot/spring-boot-autoconfigure/3.3.13/spring-boot-autoconfigure-3.3.13.jar:/home/alvin/.m2/repository/org/springframework/boot/spring-boot-starter-logging/3.3.13/spring-boot-starter-logging-3.3.13.jar:/home/alvin/.m2/repository/ch/qos/logback/logback-classic/1.5.18/logback-classic-1.5.18.jar:/home/alvin/.m2/repository/ch/qos/logback/logback-core/1.5.18/logback-core-1.5.18.jar:/home/alvin/.m2/repository/org/apache/logging/log4j/log4j-to-slf4j/2.23.1/log4j-to-slf4j-2.23.1.jar:/home/alvin/.m2/repository/org/apache/logging/log4j/log4j-api/2.23.1/log4j-api-2.23.1.jar:/home/alvin/.m2/repository/org/slf4j/jul-to-slf4j/2.0.17/jul-to-slf4j-2.0.17.jar:/home/alvin/.m2/repository/jakarta/annotation/jakarta.annotation-api/2.1.1/jakarta.annotation-api-2.1.1.jar:/home/alvin/.m2/repository/org/yaml/snakeyaml/2.2/snakeyaml-2.2.jar:/home/alvin/.m2/repository/org/springframework/boot/spring-boot-test/3.3.13/spring-boot-test-3.3.13.jar:/home/alvin/.m2/repository/org/springframework/boot/spring-boot-test-autoconfigure/3.3.13/spring-boot-test-autoconfigure-3.3.13.jar:/home/alvin/.m2/repository/com/jayway/jsonpath/json-path/2.9.0/json-path-2.9.0.jar:/home/alvin/.m2/repository/jakarta/xml/bind/jakarta.xml.bind-api/4.0.2/jakarta.xml.bind-api-4.0.2.jar:/home/alvin/.m2/repository/jakarta/activation/jakarta.activation-api/2.1.3/jakarta.activation-api-2.1.3.jar:/home/alvin/.m2/repository/net/minidev/json-smart/2.5.2/json-smart-2.5.2.jar:/home/alvin/.m2/repository/net/minidev/accessors-smart/2.5.2/accessors-smart-2.5.2.jar:/home/alvin/.m2/repository/org/ow2/asm/asm/9.7.1/asm-9.7.1.jar:/home/alvin/.m2/repository/org/assertj/assertj-core/3.25.3/assertj-core-3.25.3.jar:/home/alvin/.m2/repository/net/bytebuddy/byte-buddy/1.14.19/byte-buddy-1.14.19.jar:/home/alvin/.m2/repository/org/awaitility/awaitility/4.2.2/awaitility-4.2.2.jar:/home/alvin/.m2/repository/org/hamcrest/hamcrest/2.2/hamcrest-2.2.jar:/home/alvin/.m2/repository/org/junit/jupiter/junit-jupiter/5.10.5/junit-jupiter-5.10.5.jar:/home/alvin/.m2/repository/org/junit/jupiter/junit-jupiter-api/5.10.5/junit-jupiter-api-5.10.5.jar:/home/alvin/.m2/repository/org/opentest4j/opentest4j/1.3.0/opentest4j-1.3.0.jar:/home/alvin/.m2/repository/org/junit/platform/junit-platform-commons/1.10.5/junit-platform-commons-1.10.5.jar:/home/alvin/.m2/repository/org/apiguardian/apiguardian-api/1.1.2/apiguardian-api-1.1.2.jar:/home/alvin/.m2/repository/org/junit/jupiter/junit-jupiter-params/5.10.5/junit-jupiter-params-5.10.5.jar:/home/alvin/.m2/repository/org/junit/jupiter/junit-jupiter-engine/5.10.5/junit-jupiter-engine-5.10.5.jar:/home/alvin/.m2/repository/org/junit/platform/junit-platform-engine/1.10.5/junit-platform-engine-1.10.5.jar:/home/alvin/.m2/repository/org/mockito/mockito-core/5.11.0/mockito-core-5.11.0.jar:/home/alvin/.m2/repository/net/bytebuddy/byte-buddy-agent/1.14.19/byte-buddy-agent-1.14.19.jar:/home/alvin/.m2/repository/org/objenesis/objenesis/3.3/objenesis-3.3.jar:/home/alvin/.m2/repository/org/mockito/mockito-junit-jupiter/5.11.0/mockito-junit-jupiter-5.11.0.jar:/home/alvin/.m2/repository/org/skyscreamer/jsonassert/1.5.3/jsonassert-1.5.3.jar:/home/alvin/.m2/repository/com/vaadin/external/google/android-json/0.0.20131108.vaadin1/android-json-0.0.20131108.vaadin1.jar:/home/alvin/.m2/repository/org/springframework/spring-core/6.1.21/spring-core-6.1.21.jar:/home/alvin/.m2/repository/org/springframework/spring-jcl/6.1.21/spring-jcl-6.1.21.jar:/home/alvin/.m2/repository/org/springframework/spring-test/6.1.21/spring-test-6.1.21.jar:/home/alvin/.m2/repository/org/xmlunit/xmlunit-core/2.9.1/xmlunit-core-2.9.1.jar:/home/alvin/.m2/repository/org/springframework/boot/spring-boot-starter-actuator/3.3.13/spring-boot-starter-actuator-3.3.13.jar:/home/alvin/.m2/repository/org/springframework/boot/spring-boot-actuator-autoconfigure/3.3.13/spring-boot-actuator-autoconfigure-3.3.13.jar:/home/alvin/.m2/repository/org/springframework/boot/spring-boot-actuator/3.3.13/spring-boot-actuator-3.3.13.jar:/home/alvin/.m2/repository/com/fasterxml/jackson/core/jackson-databind/2.17.3/jackson-databind-2.17.3.jar:/home/alvin/.m2/repository/com/fasterxml/jackson/core/jackson-annotations/2.17.3/jackson-annotations-2.17.3.jar:/home/alvin/.m2/repository/com/fasterxml/jackson/core/jackson-core/2.17.3/jackson-core-2.17.3.jar:/home/alvin/.m2/repository/com/fasterxml/jackson/datatype/jackson-datatype-jsr310/2.17.3/jackson-datatype-jsr310-2.17.3.jar:/home/alvin/.m2/repository/io/micrometer/micrometer-observation/1.13.15/micrometer-observation-1.13.15.jar:/home/alvin/.m2/repository/io/micrometer/micrometer-commons/1.13.15/micrometer-commons-1.13.15.jar:/home/alvin/.m2/repository/io/micrometer/micrometer-jakarta9/1.13.15/micrometer-jakarta9-1.13.15.jar:/home/alvin/.m2/repository/io/micrometer/micrometer-core/1.13.15/micrometer-core-1.13.15.jar:/home/alvin/.m2/repository/org/hdrhistogram/HdrHistogram/2.2.2/HdrHistogram-2.2.2.jar:/home/alvin/.m2/repository/org/latencyutils/LatencyUtils/2.0.3/LatencyUtils-2.0.3.jar:/home/alvin/.m2/repository/org/apache/httpcomponents/client5/httpclient5/5.3.1/httpclient5-5.3.1.jar:/home/alvin/.m2/repository/org/apache/httpcomponents/core5/httpcore5/5.2.5/httpcore5-5.2.5.jar:/home/alvin/.m2/repository/org/apache/httpcomponents/core5/httpcore5-h2/5.2.5/httpcore5-h2-5.2.5.jar:/home/alvin/.m2/repository/org/slf4j/slf4j-api/2.0.17/slf4j-api-2.0.17.jar:/home/alvin/.m2/repository/org/springframework/boot/spring-boot-starter-cache/3.3.13/spring-boot-starter-cache-3.3.13.jar:/home/alvin/.m2/repository/org/springframework/spring-context-support/6.1.21/spring-context-support-6.1.21.jar:/home/alvin/.m2/repository/org/springframework/spring-beans/6.1.21/spring-beans-6.1.21.jar:/home/alvin/.m2/repository/org/springframework/spring-context/6.1.21/spring-context-6.1.21.jar:/home/alvin/.m2/repository/org/springframework/spring-aop/6.1.21/spring-aop-6.1.21.jar:/home/alvin/.m2/repository/org/springframework/spring-expression/6.1.21/spring-expression-6.1.21.jar:/home/alvin/.m2/repository/com/github/ben-manes/caffeine/caffeine/3.2.0/caffeine-3.2.0.jar:/home/alvin/.m2/repository/org/jspecify/jspecify/0.3.0/jspecify-0.3.0.jar:/home/alvin/.m2/repository/com/google/errorprone/error_prone_annotations/2.36.0/error_prone_annotations-2.36.0.jar:"/>
    <property name="java.vm.vendor" value="Ubuntu"/>
    <property name="sun.arch.data.model" value="64"/>
    <property name="java.vendor.url" value="https://ubuntu.com/"/>
    <property name="user.timezone" value="Asia/Bangkok"/>
    <property name="org.jboss.logging.provider" value="slf4j"/>
    <property name="os.name" value="Linux"/>
    <property name="java.vm.specification.version" value="21"/>
    <property name="sun.java.launcher" value="SUN_STANDARD"/>
    <property name="user.country" value="US"/>
    <property name="sun.boot.library.path" value="/usr/lib/jvm/java-21-openjdk-amd64/lib"/>
    <property name="sun.java.command" value="/home/alvin/GitHub/cms-backend/app/gateway/target/surefire/surefirebooter-20250726125718992_3.jar /home/alvin/GitHub/cms-backend/app/gateway/target/surefire 2025-07-26T12-57-18_884-jvmRun1 surefire-20250726125718992_1tmp surefire_0-20250726125718992_2tmp"/>
    <property name="jdk.debug" value="release"/>
    <property name="surefire.test.class.path" value="/home/alvin/GitHub/cms-backend/app/gateway/target/test-classes:/home/alvin/GitHub/cms-backend/app/gateway/target/classes:/home/alvin/.m2/repository/org/springframework/cloud/spring-cloud-starter-consul-discovery/4.1.3/spring-cloud-starter-consul-discovery-4.1.3.jar:/home/alvin/.m2/repository/org/springframework/cloud/spring-cloud-starter-consul/4.1.3/spring-cloud-starter-consul-4.1.3.jar:/home/alvin/.m2/repository/org/springframework/cloud/spring-cloud-consul-core/4.1.3/spring-cloud-consul-core-4.1.3.jar:/home/alvin/.m2/repository/com/ecwid/consul/consul-api/1.4.5/consul-api-1.4.5.jar:/home/alvin/.m2/repository/com/google/code/gson/gson/2.10.1/gson-2.10.1.jar:/home/alvin/.m2/repository/org/apache/httpcomponents/httpclient/4.5.14/httpclient-4.5.14.jar:/home/alvin/.m2/repository/commons-logging/commons-logging/1.2/commons-logging-1.2.jar:/home/alvin/.m2/repository/commons-codec/commons-codec/1.16.1/commons-codec-1.16.1.jar:/home/alvin/.m2/repository/org/apache/httpcomponents/httpcore/4.4.16/httpcore-4.4.16.jar:/home/alvin/.m2/repository/org/springframework/cloud/spring-cloud-consul-discovery/4.1.3/spring-cloud-consul-discovery-4.1.3.jar:/home/alvin/.m2/repository/org/springframework/cloud/spring-cloud-starter-loadbalancer/4.1.5/spring-cloud-starter-loadbalancer-4.1.5.jar:/home/alvin/.m2/repository/org/springframework/cloud/spring-cloud-loadbalancer/4.1.5/spring-cloud-loadbalancer-4.1.5.jar:/home/alvin/.m2/repository/io/projectreactor/reactor-core/3.6.18/reactor-core-3.6.18.jar:/home/alvin/.m2/repository/org/reactivestreams/reactive-streams/1.0.4/reactive-streams-1.0.4.jar:/home/alvin/.m2/repository/com/stoyanr/evictor/1.0.0/evictor-1.0.0.jar:/home/alvin/.m2/repository/org/springframework/cloud/spring-cloud-starter-gateway/4.1.6/spring-cloud-starter-gateway-4.1.6.jar:/home/alvin/.m2/repository/org/springframework/cloud/spring-cloud-starter/4.1.5/spring-cloud-starter-4.1.5.jar:/home/alvin/.m2/repository/org/springframework/cloud/spring-cloud-context/4.1.5/spring-cloud-context-4.1.5.jar:/home/alvin/.m2/repository/org/springframework/security/spring-security-crypto/6.3.10/spring-security-crypto-6.3.10.jar:/home/alvin/.m2/repository/org/springframework/cloud/spring-cloud-commons/4.1.5/spring-cloud-commons-4.1.5.jar:/home/alvin/.m2/repository/org/springframework/security/spring-security-rsa/1.1.3/spring-security-rsa-1.1.3.jar:/home/alvin/.m2/repository/org/bouncycastle/bcprov-jdk18on/1.78/bcprov-jdk18on-1.78.jar:/home/alvin/.m2/repository/org/springframework/cloud/spring-cloud-gateway-server/4.1.6/spring-cloud-gateway-server-4.1.6.jar:/home/alvin/.m2/repository/org/springframework/boot/spring-boot-starter-validation/3.3.13/spring-boot-starter-validation-3.3.13.jar:/home/alvin/.m2/repository/org/apache/tomcat/embed/tomcat-embed-el/10.1.42/tomcat-embed-el-10.1.42.jar:/home/alvin/.m2/repository/org/hibernate/validator/hibernate-validator/8.0.2.Final/hibernate-validator-8.0.2.Final.jar:/home/alvin/.m2/repository/jakarta/validation/jakarta.validation-api/3.0.2/jakarta.validation-api-3.0.2.jar:/home/alvin/.m2/repository/org/jboss/logging/jboss-logging/3.5.3.Final/jboss-logging-3.5.3.Final.jar:/home/alvin/.m2/repository/com/fasterxml/classmate/1.7.0/classmate-1.7.0.jar:/home/alvin/.m2/repository/io/projectreactor/addons/reactor-extra/3.5.2/reactor-extra-3.5.2.jar:/home/alvin/.m2/repository/org/springframework/boot/spring-boot-starter-webflux/3.3.13/spring-boot-starter-webflux-3.3.13.jar:/home/alvin/.m2/repository/org/springframework/boot/spring-boot-starter-json/3.3.13/spring-boot-starter-json-3.3.13.jar:/home/alvin/.m2/repository/com/fasterxml/jackson/datatype/jackson-datatype-jdk8/2.17.3/jackson-datatype-jdk8-2.17.3.jar:/home/alvin/.m2/repository/com/fasterxml/jackson/module/jackson-module-parameter-names/2.17.3/jackson-module-parameter-names-2.17.3.jar:/home/alvin/.m2/repository/org/springframework/boot/spring-boot-starter-reactor-netty/3.3.13/spring-boot-starter-reactor-netty-3.3.13.jar:/home/alvin/.m2/repository/io/projectreactor/netty/reactor-netty-http/1.1.31/reactor-netty-http-1.1.31.jar:/home/alvin/.m2/repository/io/netty/netty-codec-http/4.1.122.Final/netty-codec-http-4.1.122.Final.jar:/home/alvin/.m2/repository/io/netty/netty-common/4.1.122.Final/netty-common-4.1.122.Final.jar:/home/alvin/.m2/repository/io/netty/netty-buffer/4.1.122.Final/netty-buffer-4.1.122.Final.jar:/home/alvin/.m2/repository/io/netty/netty-transport/4.1.122.Final/netty-transport-4.1.122.Final.jar:/home/alvin/.m2/repository/io/netty/netty-codec/4.1.122.Final/netty-codec-4.1.122.Final.jar:/home/alvin/.m2/repository/io/netty/netty-handler/4.1.122.Final/netty-handler-4.1.122.Final.jar:/home/alvin/.m2/repository/io/netty/netty-codec-http2/4.1.122.Final/netty-codec-http2-4.1.122.Final.jar:/home/alvin/.m2/repository/io/netty/netty-resolver-dns/4.1.122.Final/netty-resolver-dns-4.1.122.Final.jar:/home/alvin/.m2/repository/io/netty/netty-resolver/4.1.122.Final/netty-resolver-4.1.122.Final.jar:/home/alvin/.m2/repository/io/netty/netty-codec-dns/4.1.122.Final/netty-codec-dns-4.1.122.Final.jar:/home/alvin/.m2/repository/io/netty/netty-resolver-dns-native-macos/4.1.122.Final/netty-resolver-dns-native-macos-4.1.122.Final-osx-x86_64.jar:/home/alvin/.m2/repository/io/netty/netty-resolver-dns-classes-macos/4.1.122.Final/netty-resolver-dns-classes-macos-4.1.122.Final.jar:/home/alvin/.m2/repository/io/netty/netty-transport-native-epoll/4.1.122.Final/netty-transport-native-epoll-4.1.122.Final-linux-x86_64.jar:/home/alvin/.m2/repository/io/netty/netty-transport-native-unix-common/4.1.122.Final/netty-transport-native-unix-common-4.1.122.Final.jar:/home/alvin/.m2/repository/io/netty/netty-transport-classes-epoll/4.1.122.Final/netty-transport-classes-epoll-4.1.122.Final.jar:/home/alvin/.m2/repository/io/projectreactor/netty/reactor-netty-core/1.1.31/reactor-netty-core-1.1.31.jar:/home/alvin/.m2/repository/io/netty/netty-handler-proxy/4.1.122.Final/netty-handler-proxy-4.1.122.Final.jar:/home/alvin/.m2/repository/io/netty/netty-codec-socks/4.1.122.Final/netty-codec-socks-4.1.122.Final.jar:/home/alvin/.m2/repository/org/springframework/spring-web/6.1.21/spring-web-6.1.21.jar:/home/alvin/.m2/repository/org/springframework/spring-webflux/6.1.21/spring-webflux-6.1.21.jar:/home/alvin/.m2/repository/org/springframework/boot/spring-boot-starter-test/3.3.13/spring-boot-starter-test-3.3.13.jar:/home/alvin/.m2/repository/org/springframework/boot/spring-boot-starter/3.3.13/spring-boot-starter-3.3.13.jar:/home/alvin/.m2/repository/org/springframework/boot/spring-boot/3.3.13/spring-boot-3.3.13.jar:/home/alvin/.m2/repository/org/springframework/boot/spring-boot-autoconfigure/3.3.13/spring-boot-autoconfigure-3.3.13.jar:/home/alvin/.m2/repository/org/springframework/boot/spring-boot-starter-logging/3.3.13/spring-boot-starter-logging-3.3.13.jar:/home/alvin/.m2/repository/ch/qos/logback/logback-classic/1.5.18/logback-classic-1.5.18.jar:/home/alvin/.m2/repository/ch/qos/logback/logback-core/1.5.18/logback-core-1.5.18.jar:/home/alvin/.m2/repository/org/apache/logging/log4j/log4j-to-slf4j/2.23.1/log4j-to-slf4j-2.23.1.jar:/home/alvin/.m2/repository/org/apache/logging/log4j/log4j-api/2.23.1/log4j-api-2.23.1.jar:/home/alvin/.m2/repository/org/slf4j/jul-to-slf4j/2.0.17/jul-to-slf4j-2.0.17.jar:/home/alvin/.m2/repository/jakarta/annotation/jakarta.annotation-api/2.1.1/jakarta.annotation-api-2.1.1.jar:/home/alvin/.m2/repository/org/yaml/snakeyaml/2.2/snakeyaml-2.2.jar:/home/alvin/.m2/repository/org/springframework/boot/spring-boot-test/3.3.13/spring-boot-test-3.3.13.jar:/home/alvin/.m2/repository/org/springframework/boot/spring-boot-test-autoconfigure/3.3.13/spring-boot-test-autoconfigure-3.3.13.jar:/home/alvin/.m2/repository/com/jayway/jsonpath/json-path/2.9.0/json-path-2.9.0.jar:/home/alvin/.m2/repository/jakarta/xml/bind/jakarta.xml.bind-api/4.0.2/jakarta.xml.bind-api-4.0.2.jar:/home/alvin/.m2/repository/jakarta/activation/jakarta.activation-api/2.1.3/jakarta.activation-api-2.1.3.jar:/home/alvin/.m2/repository/net/minidev/json-smart/2.5.2/json-smart-2.5.2.jar:/home/alvin/.m2/repository/net/minidev/accessors-smart/2.5.2/accessors-smart-2.5.2.jar:/home/alvin/.m2/repository/org/ow2/asm/asm/9.7.1/asm-9.7.1.jar:/home/alvin/.m2/repository/org/assertj/assertj-core/3.25.3/assertj-core-3.25.3.jar:/home/alvin/.m2/repository/net/bytebuddy/byte-buddy/1.14.19/byte-buddy-1.14.19.jar:/home/alvin/.m2/repository/org/awaitility/awaitility/4.2.2/awaitility-4.2.2.jar:/home/alvin/.m2/repository/org/hamcrest/hamcrest/2.2/hamcrest-2.2.jar:/home/alvin/.m2/repository/org/junit/jupiter/junit-jupiter/5.10.5/junit-jupiter-5.10.5.jar:/home/alvin/.m2/repository/org/junit/jupiter/junit-jupiter-api/5.10.5/junit-jupiter-api-5.10.5.jar:/home/alvin/.m2/repository/org/opentest4j/opentest4j/1.3.0/opentest4j-1.3.0.jar:/home/alvin/.m2/repository/org/junit/platform/junit-platform-commons/1.10.5/junit-platform-commons-1.10.5.jar:/home/alvin/.m2/repository/org/apiguardian/apiguardian-api/1.1.2/apiguardian-api-1.1.2.jar:/home/alvin/.m2/repository/org/junit/jupiter/junit-jupiter-params/5.10.5/junit-jupiter-params-5.10.5.jar:/home/alvin/.m2/repository/org/junit/jupiter/junit-jupiter-engine/5.10.5/junit-jupiter-engine-5.10.5.jar:/home/alvin/.m2/repository/org/junit/platform/junit-platform-engine/1.10.5/junit-platform-engine-1.10.5.jar:/home/alvin/.m2/repository/org/mockito/mockito-core/5.11.0/mockito-core-5.11.0.jar:/home/alvin/.m2/repository/net/bytebuddy/byte-buddy-agent/1.14.19/byte-buddy-agent-1.14.19.jar:/home/alvin/.m2/repository/org/objenesis/objenesis/3.3/objenesis-3.3.jar:/home/alvin/.m2/repository/org/mockito/mockito-junit-jupiter/5.11.0/mockito-junit-jupiter-5.11.0.jar:/home/alvin/.m2/repository/org/skyscreamer/jsonassert/1.5.3/jsonassert-1.5.3.jar:/home/alvin/.m2/repository/com/vaadin/external/google/android-json/0.0.20131108.vaadin1/android-json-0.0.20131108.vaadin1.jar:/home/alvin/.m2/repository/org/springframework/spring-core/6.1.21/spring-core-6.1.21.jar:/home/alvin/.m2/repository/org/springframework/spring-jcl/6.1.21/spring-jcl-6.1.21.jar:/home/alvin/.m2/repository/org/springframework/spring-test/6.1.21/spring-test-6.1.21.jar:/home/alvin/.m2/repository/org/xmlunit/xmlunit-core/2.9.1/xmlunit-core-2.9.1.jar:/home/alvin/.m2/repository/org/springframework/boot/spring-boot-starter-actuator/3.3.13/spring-boot-starter-actuator-3.3.13.jar:/home/alvin/.m2/repository/org/springframework/boot/spring-boot-actuator-autoconfigure/3.3.13/spring-boot-actuator-autoconfigure-3.3.13.jar:/home/alvin/.m2/repository/org/springframework/boot/spring-boot-actuator/3.3.13/spring-boot-actuator-3.3.13.jar:/home/alvin/.m2/repository/com/fasterxml/jackson/core/jackson-databind/2.17.3/jackson-databind-2.17.3.jar:/home/alvin/.m2/repository/com/fasterxml/jackson/core/jackson-annotations/2.17.3/jackson-annotations-2.17.3.jar:/home/alvin/.m2/repository/com/fasterxml/jackson/core/jackson-core/2.17.3/jackson-core-2.17.3.jar:/home/alvin/.m2/repository/com/fasterxml/jackson/datatype/jackson-datatype-jsr310/2.17.3/jackson-datatype-jsr310-2.17.3.jar:/home/alvin/.m2/repository/io/micrometer/micrometer-observation/1.13.15/micrometer-observation-1.13.15.jar:/home/alvin/.m2/repository/io/micrometer/micrometer-commons/1.13.15/micrometer-commons-1.13.15.jar:/home/alvin/.m2/repository/io/micrometer/micrometer-jakarta9/1.13.15/micrometer-jakarta9-1.13.15.jar:/home/alvin/.m2/repository/io/micrometer/micrometer-core/1.13.15/micrometer-core-1.13.15.jar:/home/alvin/.m2/repository/org/hdrhistogram/HdrHistogram/2.2.2/HdrHistogram-2.2.2.jar:/home/alvin/.m2/repository/org/latencyutils/LatencyUtils/2.0.3/LatencyUtils-2.0.3.jar:/home/alvin/.m2/repository/org/apache/httpcomponents/client5/httpclient5/5.3.1/httpclient5-5.3.1.jar:/home/alvin/.m2/repository/org/apache/httpcomponents/core5/httpcore5/5.2.5/httpcore5-5.2.5.jar:/home/alvin/.m2/repository/org/apache/httpcomponents/core5/httpcore5-h2/5.2.5/httpcore5-h2-5.2.5.jar:/home/alvin/.m2/repository/org/slf4j/slf4j-api/2.0.17/slf4j-api-2.0.17.jar:/home/alvin/.m2/repository/org/springframework/boot/spring-boot-starter-cache/3.3.13/spring-boot-starter-cache-3.3.13.jar:/home/alvin/.m2/repository/org/springframework/spring-context-support/6.1.21/spring-context-support-6.1.21.jar:/home/alvin/.m2/repository/org/springframework/spring-beans/6.1.21/spring-beans-6.1.21.jar:/home/alvin/.m2/repository/org/springframework/spring-context/6.1.21/spring-context-6.1.21.jar:/home/alvin/.m2/repository/org/springframework/spring-aop/6.1.21/spring-aop-6.1.21.jar:/home/alvin/.m2/repository/org/springframework/spring-expression/6.1.21/spring-expression-6.1.21.jar:/home/alvin/.m2/repository/com/github/ben-manes/caffeine/caffeine/3.2.0/caffeine-3.2.0.jar:/home/alvin/.m2/repository/org/jspecify/jspecify/0.3.0/jspecify-0.3.0.jar:/home/alvin/.m2/repository/com/google/errorprone/error_prone_annotations/2.36.0/error_prone_annotations-2.36.0.jar:"/>
    <property name="sun.cpu.endian" value="little"/>
    <property name="user.home" value="/home/alvin"/>
    <property name="user.language" value="en"/>
    <property name="java.specification.vendor" value="Oracle Corporation"/>
    <property name="java.version.date" value="2025-04-15"/>
    <property name="java.home" value="/usr/lib/jvm/java-21-openjdk-amd64"/>
    <property name="file.separator" value="/"/>
    <property name="basedir" value="/home/alvin/GitHub/cms-backend/app/gateway"/>
    <property name="java.vm.compressedOopsMode" value="Zero based"/>
    <property name="line.separator" value="&#10;"/>
    <property name="java.vm.specification.vendor" value="Oracle Corporation"/>
    <property name="java.specification.name" value="Java Platform API Specification"/>
    <property name="FILE_LOG_CHARSET" value="UTF-8"/>
    <property name="java.awt.headless" value="true"/>
    <property name="surefire.real.class.path" value="/home/alvin/GitHub/cms-backend/app/gateway/target/surefire/surefirebooter-20250726125718992_3.jar"/>
    <property name="sun.management.compiler" value="HotSpot 64-Bit Tiered Compilers"/>
    <property name="java.runtime.version" value="21.0.7+6-Ubuntu-0ubuntu124.04"/>
    <property name="user.name" value="alvin"/>
    <property name="stdout.encoding" value="UTF-8"/>
    <property name="path.separator" value=":"/>
    <property name="os.version" value="6.11.0-26-generic"/>
    <property name="java.runtime.name" value="OpenJDK Runtime Environment"/>
    <property name="file.encoding" value="UTF-8"/>
    <property name="java.vm.name" value="OpenJDK 64-Bit Server VM"/>
    <property name="localRepository" value="/home/alvin/.m2/repository"/>
    <property name="java.vendor.url.bug" value="https://bugs.launchpad.net/ubuntu/+source/openjdk-21"/>
    <property name="java.io.tmpdir" value="/tmp"/>
    <property name="java.version" value="21.0.7"/>
    <property name="user.dir" value="/home/alvin/GitHub/cms-backend/app/gateway"/>
    <property name="os.arch" value="amd64"/>
    <property name="java.vm.specification.name" value="Java Virtual Machine Specification"/>
    <property name="PID" value="99038"/>
    <property name="CONSOLE_LOG_CHARSET" value="UTF-8"/>
    <property name="native.encoding" value="UTF-8"/>
    <property name="java.library.path" value="/usr/java/packages/lib:/usr/lib/x86_64-linux-gnu/jni:/lib/x86_64-linux-gnu:/usr/lib/x86_64-linux-gnu:/usr/lib/jni:/lib:/usr/lib"/>
    <property name="java.vm.info" value="mixed mode, sharing"/>
    <property name="stderr.encoding" value="UTF-8"/>
    <property name="java.vendor" value="Ubuntu"/>
    <property name="java.vm.version" value="21.0.7+6-Ubuntu-0ubuntu124.04"/>
    <property name="sun.io.unicode.encoding" value="UnicodeLittle"/>
    <property name="java.class.version" value="65.0"/>
    <property name="LOGGED_APPLICATION_NAME" value="[gateway-service] "/>
  </properties>
  <testcase name="contextLoads" classname="com.content_management_system.gateway.GatewayApplicationTests" time="0.614">
    <system-out><![CDATA[Standard Commons Logging discovery in action with spring-jcl: please remove commons-logging.jar from classpath in order to avoid potential conflicts
12:57:19.768 [main] INFO org.springframework.test.context.support.AnnotationConfigContextLoaderUtils -- Could not detect default configuration classes for test class [com.content_management_system.gateway.GatewayApplicationTests]: GatewayApplicationTests does not declare any static, non-private, non-final, nested classes annotated with @Configuration.
12:57:19.862 [main] INFO org.springframework.boot.test.context.SpringBootTestContextBootstrapper -- Found @SpringBootConfiguration com.content_management_system.gateway.GatewayApplication for test class com.content_management_system.gateway.GatewayApplicationTests

  .   ____          _            __ _ _
 /\\ / ___'_ __ _ _(_)_ __  __ _ \ \ \ \
( ( )\___ | '_ | '_| | '_ \/ _` | \ \ \ \
 \\/  ___)| |_)| | | | | || (_| |  ) ) ) )
  '  |____| .__|_| |_|_| |_\__, | / / / /
 =========|_|==============|___/=/_/_/_/

 :: Spring Boot ::               (v3.3.13)

2025-07-26T12:57:20.343+07:00  INFO 99038 --- [gateway-service] [           main] c.c.gateway.GatewayApplicationTests      : Starting GatewayApplicationTests using Java 21.0.7 with PID 99038 (started by alvin in /home/alvin/GitHub/cms-backend/app/gateway)
2025-07-26T12:57:20.344+07:00  INFO 99038 --- [gateway-service] [           main] c.c.gateway.GatewayApplicationTests      : No active profile set, falling back to 1 default profile: "default"
2025-07-26T12:57:21.731+07:00  INFO 99038 --- [gateway-service] [           main] o.s.cloud.context.scope.GenericScope     : BeanFactory id=078ff2ff-c8ec-3195-aa96-9d5b6500bd0e
2025-07-26T12:57:22.899+07:00  INFO 99038 --- [gateway-service] [           main] o.s.c.g.r.RouteDefinitionRouteLocator    : Loaded RoutePredicateFactory [After]
2025-07-26T12:57:22.900+07:00  INFO 99038 --- [gateway-service] [           main] o.s.c.g.r.RouteDefinitionRouteLocator    : Loaded RoutePredicateFactory [Before]
2025-07-26T12:57:22.900+07:00  INFO 99038 --- [gateway-service] [           main] o.s.c.g.r.RouteDefinitionRouteLocator    : Loaded RoutePredicateFactory [Between]
2025-07-26T12:57:22.900+07:00  INFO 99038 --- [gateway-service] [           main] o.s.c.g.r.RouteDefinitionRouteLocator    : Loaded RoutePredicateFactory [Cookie]
2025-07-26T12:57:22.900+07:00  INFO 99038 --- [gateway-service] [           main] o.s.c.g.r.RouteDefinitionRouteLocator    : Loaded RoutePredicateFactory [Header]
2025-07-26T12:57:22.900+07:00  INFO 99038 --- [gateway-service] [           main] o.s.c.g.r.RouteDefinitionRouteLocator    : Loaded RoutePredicateFactory [Host]
2025-07-26T12:57:22.900+07:00  INFO 99038 --- [gateway-service] [           main] o.s.c.g.r.RouteDefinitionRouteLocator    : Loaded RoutePredicateFactory [Method]
2025-07-26T12:57:22.900+07:00  INFO 99038 --- [gateway-service] [           main] o.s.c.g.r.RouteDefinitionRouteLocator    : Loaded RoutePredicateFactory [Path]
2025-07-26T12:57:22.900+07:00  INFO 99038 --- [gateway-service] [           main] o.s.c.g.r.RouteDefinitionRouteLocator    : Loaded RoutePredicateFactory [Query]
2025-07-26T12:57:22.900+07:00  INFO 99038 --- [gateway-service] [           main] o.s.c.g.r.RouteDefinitionRouteLocator    : Loaded RoutePredicateFactory [ReadBody]
2025-07-26T12:57:22.901+07:00  INFO 99038 --- [gateway-service] [           main] o.s.c.g.r.RouteDefinitionRouteLocator    : Loaded RoutePredicateFactory [RemoteAddr]
2025-07-26T12:57:22.901+07:00  INFO 99038 --- [gateway-service] [           main] o.s.c.g.r.RouteDefinitionRouteLocator    : Loaded RoutePredicateFactory [XForwardedRemoteAddr]
2025-07-26T12:57:22.901+07:00  INFO 99038 --- [gateway-service] [           main] o.s.c.g.r.RouteDefinitionRouteLocator    : Loaded RoutePredicateFactory [Weight]
2025-07-26T12:57:22.901+07:00  INFO 99038 --- [gateway-service] [           main] o.s.c.g.r.RouteDefinitionRouteLocator    : Loaded RoutePredicateFactory [CloudFoundryRouteService]
2025-07-26T12:57:23.150+07:00  INFO 99038 --- [gateway-service] [           main] o.s.b.a.e.web.EndpointLinksResolver      : Exposing 1 endpoint beneath base path '/actuator'
2025-07-26T12:57:23.419+07:00  INFO 99038 --- [gateway-service] [   scheduling-1] c.c.gateway.ServiceConnectionLogger      : 🔎 Scheduled task running: Checking service connections...
2025-07-26T12:57:23.420+07:00  WARN 99038 --- [gateway-service] [   scheduling-1] c.c.gateway.ServiceConnectionLogger      : No services found in Consul discovery. Will retry on the next cycle.
2025-07-26T12:57:23.453+07:00  INFO 99038 --- [gateway-service] [           main] c.c.gateway.GatewayApplicationTests      : Started GatewayApplicationTests in 3.477 seconds (process running for 4.383)
2025-07-26T12:57:23.457+07:00  INFO 99038 --- [gateway-service] [           main] c.c.gateway.ServiceConnectionLogger      : ✅ Application is ready. Performing initial health check in 10 seconds...
]]></system-out>
    <system-err><![CDATA[WARNING: A Java agent has been loaded dynamically (/home/alvin/.m2/repository/net/bytebuddy/byte-buddy-agent/1.14.19/byte-buddy-agent-1.14.19.jar)
WARNING: If a serviceability tool is in use, please run with -XX:+EnableDynamicAgentLoading to hide this warning
WARNING: If a serviceability tool is not in use, please run with -Djdk.instrument.traceUsage for more information
WARNING: Dynamic loading of agents will be disallowed by default in a future release
]]></system-err>
  </testcase>
</testsuite>